[ 2019-03-23T08:48:00+08:00 ] 127.0.0.1 /
INFO: [ app_init ] --START--
INFO: Run Behavior\BuildLiteBehavior [ RunTime:0.000000s ]
INFO: [ app_init ] --END-- [ RunTime:0.054003s ]
INFO: [ app_begin ] --START--
INFO: Run Behavior\ReadHtmlCacheBehavior [ RunTime:0.100006s ]
INFO: [ app_begin ] --END-- [ RunTime:0.101006s ]
NOTIC: [8] Undefined index: pa E:\PHPTutorial\WWW\tpshop\ThinkPHP\Library\Think\Controller.class.php 第 100 行.

[ 2019-03-23T08:49:01+08:00 ] 127.0.0.1 /
INFO: [ app_init ] --START--
INFO: Run Behavior\BuildLiteBehavior [ RunTime:0.000000s ]
INFO: [ app_init ] --END-- [ RunTime:0.001000s ]
INFO: [ app_begin ] --START--
INFO: Run Behavior\ReadHtmlCacheBehavior [ RunTime:0.001000s ]
INFO: [ app_begin ] --END-- [ RunTime:0.002000s ]
NOTIC: [8] Undefined index: pa E:\PHPTutorial\WWW\tpshop\ThinkPHP\Library\Think\Controller.class.php 第 100 行.

[ 2019-03-23T08:49:03+08:00 ] 127.0.0.1 /index.php?m=Home&c=Cart&a=header_cart_list
INFO: [ app_init ] --START--
INFO: Run Behavior\BuildLiteBehavior [ RunTime:0.000000s ]
INFO: [ app_init ] --END-- [ RunTime:0.001000s ]
INFO: [ app_begin ] --START--
INFO: Run Behavior\ReadHtmlCacheBehavior [ RunTime:0.002001s ]
INFO: [ app_begin ] --END-- [ RunTime:0.002001s ]
NOTIC: [8] Undefined index: pa E:\PHPTutorial\WWW\tpshop\ThinkPHP\Library\Think\Controller.class.php 第 100 行.
NOTIC: [8] Use of undefined constant user_id - assumed 'user_id' E:\PHPTutorial\WWW\tpshop\Application\Home\Logic\CartLogic.class.php 第 160 行.
NOTIC: [8] Undefined index: user_id E:\PHPTutorial\WWW\tpshop\Application\Home\Logic\CartLogic.class.php 第 160 行.
NOTIC: [8] Use of undefined constant user_id - assumed 'user_id' E:\PHPTutorial\WWW\tpshop\Application\Home\Logic\CartLogic.class.php 第 168 行.
NOTIC: [8] Undefined variable: exchange_integral E:\PHPTutorial\WWW\tpshop\Application\Home\Logic\CartLogic.class.php 第 192 行.
INFO: [ view_begin ] --START--
INFO: Run Home\Behaviors\testBehavior [ RunTime:0.002000s ]
INFO: [ view_begin ] --END-- [ RunTime:0.002000s ]
ERR: 模板不存在:./Template/pc/soubao/Cart/header_cart_list.html

[ 2019-03-23T09:14:16+08:00 ] 127.0.0.1 /index.php
INFO: [ app_init ] --START--
INFO: Run Behavior\BuildLiteBehavior [ RunTime:0.000000s ]
INFO: [ app_init ] --END-- [ RunTime:0.001000s ]
INFO: [ app_begin ] --START--
INFO: Run Behavior\ReadHtmlCacheBehavior [ RunTime:0.003000s ]
INFO: [ app_begin ] --END-- [ RunTime:0.003000s ]
NOTIC: [8] Undefined index: pa E:\PHPTutorial\WWW\tpshop\ThinkPHP\Library\Think\Controller.class.php 第 100 行.

[ 2019-03-23T09:37:44+08:00 ] 127.0.0.1 /index.php?s=/Home/User/verify/type/merchant.html
INFO: [ app_init ] --START--
INFO: Run Behavior\BuildLiteBehavior [ RunTime:0.000000s ]
INFO: [ app_init ] --END-- [ RunTime:0.001000s ]
INFO: [ app_begin ] --START--
INFO: Run Behavior\ReadHtmlCacheBehavior [ RunTime:0.001000s ]
INFO: [ app_begin ] --END-- [ RunTime:0.001000s ]
NOTIC: [8] Undefined index: pa E:\PHPTutorial\WWW\tpshop\ThinkPHP\Library\Think\Controller.class.php 第 100 行.
NOTIC: [8] Undefined index: verify E:\PHPTutorial\WWW\tpshop\Application\Home\Common\function.php 第 24 行.
INFO: [ app_end ] --START--
INFO: Run Behavior\ShowPageTraceBehavior [ RunTime:0.002000s ]
INFO: [ app_end ] --END-- [ RunTime:0.002000s ]

[ 2019-03-23T11:31:27+08:00 ] 127.0.0.1 /
INFO: [ app_init ] --START--
INFO: Run Behavior\BuildLiteBehavior [ RunTime:0.000000s ]
INFO: [ app_init ] --END-- [ RunTime:0.011000s ]
INFO: [ app_begin ] --START--
INFO: Run Behavior\ReadHtmlCacheBehavior [ RunTime:0.002000s ]
INFO: [ app_begin ] --END-- [ RunTime:0.002000s ]
NOTIC: [8] Undefined index: pa E:\PHPTutorial\WWW\tpshop\ThinkPHP\Library\Think\Controller.class.php 第 100 行.

[ 2019-03-23T11:31:32+08:00 ] 127.0.0.1 /
INFO: [ app_init ] --START--
INFO: Run Behavior\BuildLiteBehavior [ RunTime:0.000000s ]
INFO: [ app_init ] --END-- [ RunTime:0.000000s ]
INFO: [ app_begin ] --START--
INFO: Run Behavior\ReadHtmlCacheBehavior [ RunTime:0.002000s ]
INFO: [ app_begin ] --END-- [ RunTime:0.002000s ]
NOTIC: [8] Undefined index: pa E:\PHPTutorial\WWW\tpshop\ThinkPHP\Library\Think\Controller.class.php 第 100 行.

[ 2019-03-23T11:31:39+08:00 ] 127.0.0.1 /index.php?m=Home&c=Cart&a=header_cart_list
INFO: [ app_init ] --START--
INFO: Run Behavior\BuildLiteBehavior [ RunTime:0.000000s ]
INFO: [ app_init ] --END-- [ RunTime:0.001000s ]
INFO: [ app_begin ] --START--
INFO: Run Behavior\ReadHtmlCacheBehavior [ RunTime:0.002000s ]
INFO: [ app_begin ] --END-- [ RunTime:0.002000s ]
NOTIC: [8] Undefined index: pa E:\PHPTutorial\WWW\tpshop\ThinkPHP\Library\Think\Controller.class.php 第 100 行.
NOTIC: [8] Use of undefined constant user_id - assumed 'user_id' E:\PHPTutorial\WWW\tpshop\Application\Home\Logic\CartLogic.class.php 第 160 行.
NOTIC: [8] Undefined index: user_id E:\PHPTutorial\WWW\tpshop\Application\Home\Logic\CartLogic.class.php 第 160 行.
NOTIC: [8] Use of undefined constant user_id - assumed 'user_id' E:\PHPTutorial\WWW\tpshop\Application\Home\Logic\CartLogic.class.php 第 168 行.
NOTIC: [8] Undefined variable: exchange_integral E:\PHPTutorial\WWW\tpshop\Application\Home\Logic\CartLogic.class.php 第 192 行.
INFO: [ view_begin ] --START--
INFO: Run Home\Behaviors\testBehavior [ RunTime:0.002000s ]
INFO: [ view_begin ] --END-- [ RunTime:0.002000s ]
ERR: 模板不存在:./Template/pc/soubao/Cart/header_cart_list.html

[ 2019-03-23T11:33:17+08:00 ] 127.0.0.1 /index.php?m=Home&c=Api&a=issetMobile&mobile=18357991416
INFO: [ app_init ] --START--
INFO: Run Behavior\BuildLiteBehavior [ RunTime:0.000000s ]
INFO: [ app_init ] --END-- [ RunTime:0.001000s ]
INFO: [ app_begin ] --START--
INFO: Run Behavior\ReadHtmlCacheBehavior [ RunTime:0.001000s ]
INFO: [ app_begin ] --END-- [ RunTime:0.001000s ]
NOTIC: [8] Undefined index: pa E:\PHPTutorial\WWW\tpshop\ThinkPHP\Library\Think\Controller.class.php 第 100 行.

[ 2019-03-23T11:33:26+08:00 ] 127.0.0.1 /index.php?m=Home&c=Api&a=issetMobile&mobile=18357991416
INFO: [ app_init ] --START--
INFO: Run Behavior\BuildLiteBehavior [ RunTime:0.000000s ]
INFO: [ app_init ] --END-- [ RunTime:0.001000s ]
INFO: [ app_begin ] --START--
INFO: Run Behavior\ReadHtmlCacheBehavior [ RunTime:0.002001s ]
INFO: [ app_begin ] --END-- [ RunTime:0.002001s ]
NOTIC: [8] Undefined index: pa E:\PHPTutorial\WWW\tpshop\ThinkPHP\Library\Think\Controller.class.php 第 100 行.

[ 2019-03-23T13:10:03+08:00 ] 127.0.0.1 /index.php?s=/Home/User/verify/type/merchant.html
INFO: [ app_init ] --START--
INFO: Run Behavior\BuildLiteBehavior [ RunTime:0.000000s ]
INFO: [ app_init ] --END-- [ RunTime:0.000000s ]
INFO: [ app_begin ] --START--
INFO: Run Behavior\ReadHtmlCacheBehavior [ RunTime:0.001000s ]
INFO: [ app_begin ] --END-- [ RunTime:0.001000s ]
NOTIC: [8] Undefined index: pa E:\PHPTutorial\WWW\tpshop\ThinkPHP\Library\Think\Controller.class.php 第 100 行.
NOTIC: [8] Undefined index: verify E:\PHPTutorial\WWW\tpshop\Application\Home\Common\function.php 第 24 行.
INFO: [ app_end ] --START--
INFO: Run Behavior\ShowPageTraceBehavior [ RunTime:0.001000s ]
INFO: [ app_end ] --END-- [ RunTime:0.001000s ]

[ 2019-03-23T14:06:17+08:00 ] 127.0.0.1 /index.php?m=Home&c=Cart&a=header_cart_list
INFO: [ app_init ] --START--
INFO: Run Behavior\BuildLiteBehavior [ RunTime:0.000000s ]
INFO: [ app_init ] --END-- [ RunTime:0.000000s ]
INFO: [ app_begin ] --START--
INFO: Run Behavior\ReadHtmlCacheBehavior [ RunTime:0.002000s ]
INFO: [ app_begin ] --END-- [ RunTime:0.002000s ]
NOTIC: [8] Undefined index: pa E:\PHPTutorial\WWW\tpshop\ThinkPHP\Library\Think\Controller.class.php 第 100 行.
NOTIC: [8] Use of undefined constant user_id - assumed 'user_id' E:\PHPTutorial\WWW\tpshop\Application\Home\Logic\CartLogic.class.php 第 160 行.
NOTIC: [8] Undefined variable: exchange_integral E:\PHPTutorial\WWW\tpshop\Application\Home\Logic\CartLogic.class.php 第 192 行.
INFO: [ view_begin ] --START--
INFO: Run Home\Behaviors\testBehavior [ RunTime:0.001000s ]
INFO: [ view_begin ] --END-- [ RunTime:0.002000s ]
ERR: 模板不存在:./Template/pc/soubao/Cart/header_cart_list.html

[ 2019-03-23T14:36:15+08:00 ] 127.0.0.1 /index.php?s=/Home/User/verify/type/merchant.html
INFO: [ app_init ] --START--
INFO: Run Behavior\BuildLiteBehavior [ RunTime:0.000000s ]
INFO: [ app_init ] --END-- [ RunTime:0.001000s ]
INFO: [ app_begin ] --START--
INFO: Run Behavior\ReadHtmlCacheBehavior [ RunTime:0.001000s ]
INFO: [ app_begin ] --END-- [ RunTime:0.001000s ]
NOTIC: [8] Undefined index: pa E:\PHPTutorial\WWW\tpshop\ThinkPHP\Library\Think\Controller.class.php 第 100 行.
NOTIC: [8] Undefined index: verify E:\PHPTutorial\WWW\tpshop\Application\Home\Common\function.php 第 24 行.
INFO: [ app_end ] --START--
INFO: Run Behavior\ShowPageTraceBehavior [ RunTime:0.002000s ]
INFO: [ app_end ] --END-- [ RunTime:0.002000s ]

[ 2019-03-23T15:28:30+08:00 ] 127.0.0.1 /index.php?m=Home&c=Cart&a=header_cart_list
INFO: [ app_init ] --START--
INFO: Run Behavior\BuildLiteBehavior [ RunTime:0.000000s ]
INFO: [ app_init ] --END-- [ RunTime:0.001000s ]
INFO: [ app_begin ] --START--
INFO: Run Behavior\ReadHtmlCacheBehavior [ RunTime:0.002000s ]
INFO: [ app_begin ] --END-- [ RunTime:0.002000s ]
NOTIC: [8] Undefined index: pa E:\PHPTutorial\WWW\tpshop\ThinkPHP\Library\Think\Controller.class.php 第 100 行.
NOTIC: [8] Use of undefined constant user_id - assumed 'user_id' E:\PHPTutorial\WWW\tpshop\Application\Home\Logic\CartLogic.class.php 第 160 行.
NOTIC: [8] Undefined index: user_id E:\PHPTutorial\WWW\tpshop\Application\Home\Logic\CartLogic.class.php 第 160 行.
NOTIC: [8] Use of undefined constant user_id - assumed 'user_id' E:\PHPTutorial\WWW\tpshop\Application\Home\Logic\CartLogic.class.php 第 168 行.
NOTIC: [8] Undefined variable: exchange_integral E:\PHPTutorial\WWW\tpshop\Application\Home\Logic\CartLogic.class.php 第 192 行.
INFO: [ view_begin ] --START--
INFO: Run Home\Behaviors\testBehavior [ RunTime:0.002000s ]
INFO: [ view_begin ] --END-- [ RunTime:0.002000s ]
ERR: 模板不存在:./Template/pc/soubao/Cart/header_cart_list.html

