[ 2019-03-23T14:50:58+08:00 ] 127.0.0.1 /index.php?s=/Seller/index/index/store_id/35
INFO: [ app_init ] --START--
INFO: Run Behavior\BuildLiteBehavior [ RunTime:0.000000s ]
INFO: [ app_init ] --END-- [ RunTime:0.001000s ]
INFO: [ app_begin ] --START--
INFO: Run Behavior\ReadHtmlCacheBehavior [ RunTime:0.001000s ]
INFO: [ app_begin ] --END-- [ RunTime:0.001000s ]
NOTIC: [8] Undefined index: pa E:\PHPTutorial\WWW\tpshop\ThinkPHP\Library\Think\Controller.class.php 第 100 行.
NOTIC: [8] Undefined index: seller/index E:\PHPTutorial\WWW\tpshop\Application\Seller\Common\function.php 第 51 行.
NOTIC: [8] Undefined index: seller/index E:\PHPTutorial\WWW\tpshop\Application\Seller\Common\function.php 第 52 行.
NOTIC: [8] Undefined index: act_limits E:\PHPTutorial\WWW\tpshop\Application\Seller\Controller\IndexController.class.php 第 21 行.
INFO: [ view_begin ] --START--
INFO: Run Home\Behaviors\testBehavior [ RunTime:0.001000s ]
INFO: [ view_begin ] --END-- [ RunTime:0.001000s ]
INFO: [ view_parse ] --START--
INFO: [ template_filter ] --START--
INFO: Run Behavior\ContentReplaceBehavior [ RunTime:0.000000s ]
INFO: [ template_filter ] --END-- [ RunTime:0.000000s ]
INFO: Run Behavior\ParseTemplateBehavior [ RunTime:0.091005s ]
INFO: [ view_parse ] --END-- [ RunTime:0.091005s ]
INFO: [ view_filter ] --START--
INFO: Run Behavior\WriteHtmlCacheBehavior [ RunTime:0.001000s ]
INFO: Run Behavior\TokenBuildBehavior [ RunTime:0.001000s ]
INFO: [ view_filter ] --END-- [ RunTime:0.002000s ]
INFO: [ app_end ] --START--
INFO: Run Behavior\ShowPageTraceBehavior [ RunTime:0.001000s ]
INFO: [ app_end ] --END-- [ RunTime:0.001000s ]

[ 2019-03-23T14:50:58+08:00 ] 127.0.0.1 /index.php?s=/Seller/Index/welcome
INFO: [ app_init ] --START--
INFO: Run Behavior\BuildLiteBehavior [ RunTime:0.000000s ]
INFO: [ app_init ] --END-- [ RunTime:0.001000s ]
INFO: [ app_begin ] --START--
INFO: Run Behavior\ReadHtmlCacheBehavior [ RunTime:0.001000s ]
INFO: [ app_begin ] --END-- [ RunTime:0.001000s ]
NOTIC: [8] Undefined index: pa E:\PHPTutorial\WWW\tpshop\ThinkPHP\Library\Think\Controller.class.php 第 100 行.
NOTIC: [8] Undefined index: seller/index E:\PHPTutorial\WWW\tpshop\Application\Seller\Common\function.php 第 51 行.
NOTIC: [8] Undefined index: seller/index E:\PHPTutorial\WWW\tpshop\Application\Seller\Common\function.php 第 52 行.
INFO: [ view_begin ] --START--
INFO: Run Home\Behaviors\testBehavior [ RunTime:0.002000s ]
INFO: [ view_begin ] --END-- [ RunTime:0.002000s ]
INFO: [ view_parse ] --START--
INFO: [ template_filter ] --START--
INFO: Run Behavior\ContentReplaceBehavior [ RunTime:0.000000s ]
INFO: [ template_filter ] --END-- [ RunTime:0.000000s ]
NOTIC: [8] Use of undefined constant store_id - assumed 'store_id' E:\PHPTutorial\WWW\tpshop\Application\Runtime\Cache\Seller\2c4075b0ad2d7ac34d0c65c9a2a286bb.php 第 138 行.
NOTIC: [8] Use of undefined constant store_state - assumed 'store_state' E:\PHPTutorial\WWW\tpshop\Application\Runtime\Cache\Seller\2c4075b0ad2d7ac34d0c65c9a2a286bb.php 第 143 行.
INFO: Run Behavior\ParseTemplateBehavior [ RunTime:0.055003s ]
INFO: [ view_parse ] --END-- [ RunTime:0.055003s ]
INFO: [ view_filter ] --START--
INFO: Run Behavior\WriteHtmlCacheBehavior [ RunTime:0.001000s ]
INFO: Run Behavior\TokenBuildBehavior [ RunTime:0.002000s ]
INFO: [ view_filter ] --END-- [ RunTime:0.003000s ]
INFO: [ app_end ] --START--
INFO: Run Behavior\ShowPageTraceBehavior [ RunTime:0.001000s ]
INFO: [ app_end ] --END-- [ RunTime:0.001000s ]

[ 2019-03-23T14:50:58+08:00 ] 127.0.0.1 /index.php?s=/Seller/Admin/login_task
INFO: [ app_init ] --START--
INFO: Run Behavior\BuildLiteBehavior [ RunTime:0.000000s ]
INFO: [ app_init ] --END-- [ RunTime:0.001000s ]
INFO: [ app_begin ] --START--
INFO: Run Behavior\ReadHtmlCacheBehavior [ RunTime:0.001000s ]
INFO: [ app_begin ] --END-- [ RunTime:0.001000s ]
NOTIC: [8] Undefined index: pa E:\PHPTutorial\WWW\tpshop\ThinkPHP\Library\Think\Controller.class.php 第 100 行.
NOTIC: [8] Undefined index: seller/admin E:\PHPTutorial\WWW\tpshop\Application\Seller\Common\function.php 第 51 行.
NOTIC: [8] Undefined index: seller/admin E:\PHPTutorial\WWW\tpshop\Application\Seller\Common\function.php 第 52 行.
INFO: [ app_end ] --START--
INFO: Run Behavior\ShowPageTraceBehavior [ RunTime:0.001000s ]
INFO: [ app_end ] --END-- [ RunTime:0.001000s ]

