[ 2019-03-25T09:07:16+08:00 ] 127.0.0.1 /index.php?s=admin
INFO: [ app_init ] --START--
INFO: Run Behavior\BuildLiteBehavior [ RunTime:0.000000s ]
INFO: [ app_init ] --END-- [ RunTime:0.001000s ]
INFO: [ app_begin ] --START--
INFO: Run Behavior\ReadHtmlCacheBehavior [ RunTime:0.001000s ]
INFO: [ app_begin ] --END-- [ RunTime:0.002001s ]
NOTIC: [8] Undefined index: pa E:\PHPTutorial\WWW\tpshop\ThinkPHP\Library\Think\Controller.class.php 第 100 行.
INFO: [ view_begin ] --START--
INFO: Run Home\Behaviors\testBehavior [ RunTime:0.001000s ]
INFO: [ view_begin ] --END-- [ RunTime:0.001000s ]
INFO: [ view_parse ] --START--
INFO: [ template_filter ] --START--
INFO: Run Behavior\ContentReplaceBehavior [ RunTime:0.000000s ]
INFO: [ template_filter ] --END-- [ RunTime:0.000000s ]
INFO: Run Behavior\ParseTemplateBehavior [ RunTime:0.024002s ]
INFO: [ view_parse ] --END-- [ RunTime:0.024002s ]
INFO: [ view_filter ] --START--
INFO: Run Behavior\WriteHtmlCacheBehavior [ RunTime:0.001000s ]
INFO: Run Behavior\TokenBuildBehavior [ RunTime:0.001000s ]
INFO: [ view_filter ] --END-- [ RunTime:0.002000s ]

[ 2019-03-25T09:07:17+08:00 ] 127.0.0.1 /index.php?s=/Admin/Admin/login
INFO: [ app_init ] --START--
INFO: Run Behavior\BuildLiteBehavior [ RunTime:0.000000s ]
INFO: [ app_init ] --END-- [ RunTime:0.001000s ]
INFO: [ app_begin ] --START--
INFO: Run Behavior\ReadHtmlCacheBehavior [ RunTime:0.001000s ]
INFO: [ app_begin ] --END-- [ RunTime:0.001000s ]
NOTIC: [8] Undefined index: pa E:\PHPTutorial\WWW\tpshop\ThinkPHP\Library\Think\Controller.class.php 第 100 行.
NOTIC: [8] Undefined index: login E:\PHPTutorial\WWW\tpshop\Application\Admin\Common\function.php 第 31 行.
INFO: [ view_begin ] --START--
INFO: Run Home\Behaviors\testBehavior [ RunTime:0.001000s ]
INFO: [ view_begin ] --END-- [ RunTime:0.001000s ]
INFO: [ view_parse ] --START--
INFO: [ template_filter ] --START--
INFO: Run Behavior\ContentReplaceBehavior [ RunTime:0.000000s ]
INFO: [ template_filter ] --END-- [ RunTime:0.000000s ]
INFO: Run Behavior\ParseTemplateBehavior [ RunTime:0.031002s ]
INFO: [ view_parse ] --END-- [ RunTime:0.031002s ]
INFO: [ view_filter ] --START--
INFO: Run Behavior\WriteHtmlCacheBehavior [ RunTime:0.001000s ]
INFO: Run Behavior\TokenBuildBehavior [ RunTime:0.001000s ]
INFO: [ view_filter ] --END-- [ RunTime:0.002000s ]
INFO: [ app_end ] --START--
INFO: Run Behavior\ShowPageTraceBehavior [ RunTime:0.001000s ]
INFO: [ app_end ] --END-- [ RunTime:0.001000s ]

[ 2019-03-25T09:07:17+08:00 ] 127.0.0.1 /index.php?s=/Admin/Admin/vertify
INFO: [ app_init ] --START--
INFO: Run Behavior\BuildLiteBehavior [ RunTime:0.000000s ]
INFO: [ app_init ] --END-- [ RunTime:0.001000s ]
INFO: [ app_begin ] --START--
INFO: Run Behavior\ReadHtmlCacheBehavior [ RunTime:0.001000s ]
INFO: [ app_begin ] --END-- [ RunTime:0.001000s ]
NOTIC: [8] Undefined index: pa E:\PHPTutorial\WWW\tpshop\ThinkPHP\Library\Think\Controller.class.php 第 100 行.
NOTIC: [8] Undefined index: vertify E:\PHPTutorial\WWW\tpshop\Application\Admin\Common\function.php 第 31 行.
INFO: [ app_end ] --START--
INFO: Run Behavior\ShowPageTraceBehavior [ RunTime:0.002000s ]
INFO: [ app_end ] --END-- [ RunTime:0.002000s ]

[ 2019-03-25T09:07:29+08:00 ] 127.0.0.1 /index.php?m=Admin&c=Admin&a=login&t=0.8805449907012775
INFO: [ app_init ] --START--
INFO: Run Behavior\BuildLiteBehavior [ RunTime:0.000000s ]
INFO: [ app_init ] --END-- [ RunTime:0.001000s ]
INFO: [ app_begin ] --START--
INFO: Run Behavior\ReadHtmlCacheBehavior [ RunTime:0.001000s ]
INFO: [ app_begin ] --END-- [ RunTime:0.001000s ]
NOTIC: [8] Undefined index: pa E:\PHPTutorial\WWW\tpshop\ThinkPHP\Library\Think\Controller.class.php 第 100 行.
NOTIC: [8] Undefined index: login E:\PHPTutorial\WWW\tpshop\Application\Admin\Common\function.php 第 31 行.

[ 2019-03-25T09:07:40+08:00 ] 127.0.0.1 /index.php?m=Admin&c=Admin&a=vertify&r=76
INFO: [ app_init ] --START--
INFO: Run Behavior\BuildLiteBehavior [ RunTime:0.000000s ]
INFO: [ app_init ] --END-- [ RunTime:0.000000s ]
INFO: [ app_begin ] --START--
INFO: Run Behavior\ReadHtmlCacheBehavior [ RunTime:0.001000s ]
INFO: [ app_begin ] --END-- [ RunTime:0.001000s ]
NOTIC: [8] Undefined index: pa E:\PHPTutorial\WWW\tpshop\ThinkPHP\Library\Think\Controller.class.php 第 100 行.
NOTIC: [8] Undefined index: vertify E:\PHPTutorial\WWW\tpshop\Application\Admin\Common\function.php 第 31 行.
INFO: [ app_end ] --START--
INFO: Run Behavior\ShowPageTraceBehavior [ RunTime:0.001000s ]
INFO: [ app_end ] --END-- [ RunTime:0.001000s ]

[ 2019-03-25T09:07:45+08:00 ] 127.0.0.1 /index.php?m=Admin&c=Admin&a=login&t=0.6172585169399467
INFO: [ app_init ] --START--
INFO: Run Behavior\BuildLiteBehavior [ RunTime:0.000000s ]
INFO: [ app_init ] --END-- [ RunTime:0.000000s ]
INFO: [ app_begin ] --START--
INFO: Run Behavior\ReadHtmlCacheBehavior [ RunTime:0.001000s ]
INFO: [ app_begin ] --END-- [ RunTime:0.002000s ]
NOTIC: [8] Undefined index: pa E:\PHPTutorial\WWW\tpshop\ThinkPHP\Library\Think\Controller.class.php 第 100 行.
NOTIC: [8] Undefined index: login E:\PHPTutorial\WWW\tpshop\Application\Admin\Common\function.php 第 31 行.

[ 2019-03-25T09:07:45+08:00 ] 127.0.0.1 /index.php?s=/Admin/Index/index
INFO: [ app_init ] --START--
INFO: Run Behavior\BuildLiteBehavior [ RunTime:0.000000s ]
INFO: [ app_init ] --END-- [ RunTime:0.001001s ]
INFO: [ app_begin ] --START--
INFO: Run Behavior\ReadHtmlCacheBehavior [ RunTime:0.001000s ]
INFO: [ app_begin ] --END-- [ RunTime:0.001000s ]
NOTIC: [8] Undefined index: pa E:\PHPTutorial\WWW\tpshop\ThinkPHP\Library\Think\Controller.class.php 第 100 行.
INFO: [ view_begin ] --START--
INFO: Run Home\Behaviors\testBehavior [ RunTime:0.001000s ]
INFO: [ view_begin ] --END-- [ RunTime:0.001000s ]
INFO: [ view_parse ] --START--
INFO: [ template_filter ] --START--
INFO: Run Behavior\ContentReplaceBehavior [ RunTime:0.000000s ]
INFO: [ template_filter ] --END-- [ RunTime:0.000000s ]
INFO: Run Behavior\ParseTemplateBehavior [ RunTime:0.075004s ]
INFO: [ view_parse ] --END-- [ RunTime:0.075004s ]
INFO: [ view_filter ] --START--
INFO: Run Behavior\WriteHtmlCacheBehavior [ RunTime:0.000000s ]
INFO: Run Behavior\TokenBuildBehavior [ RunTime:0.003001s ]
INFO: [ view_filter ] --END-- [ RunTime:0.003001s ]
INFO: [ app_end ] --START--
INFO: Run Behavior\ShowPageTraceBehavior [ RunTime:0.002000s ]
INFO: [ app_end ] --END-- [ RunTime:0.002000s ]

[ 2019-03-25T09:07:46+08:00 ] 127.0.0.1 /index.php?s=/Admin/Index/welcome
INFO: [ app_init ] --START--
INFO: Run Behavior\BuildLiteBehavior [ RunTime:0.000000s ]
INFO: [ app_init ] --END-- [ RunTime:0.000000s ]
INFO: [ app_begin ] --START--
INFO: Run Behavior\ReadHtmlCacheBehavior [ RunTime:0.001000s ]
INFO: [ app_begin ] --END-- [ RunTime:0.001000s ]
NOTIC: [8] Undefined index: pa E:\PHPTutorial\WWW\tpshop\ThinkPHP\Library\Think\Controller.class.php 第 100 行.
NOTIC: [8] Undefined index: welcome E:\PHPTutorial\WWW\tpshop\Application\Admin\Common\function.php 第 31 行.
NOTIC: [8] Undefined index: version E:\PHPTutorial\WWW\tpshop\Application\Admin\Controller\IndexController.class.php 第 56 行.
INFO: [ view_begin ] --START--
INFO: Run Home\Behaviors\testBehavior [ RunTime:0.001000s ]
INFO: [ view_begin ] --END-- [ RunTime:0.002000s ]
INFO: [ view_parse ] --START--
INFO: [ template_filter ] --START--
INFO: Run Behavior\ContentReplaceBehavior [ RunTime:0.000000s ]
INFO: [ template_filter ] --END-- [ RunTime:0.000000s ]
INFO: Run Behavior\ParseTemplateBehavior [ RunTime:0.613035s ]
INFO: [ view_parse ] --END-- [ RunTime:0.613035s ]
INFO: [ view_filter ] --START--
INFO: Run Behavior\WriteHtmlCacheBehavior [ RunTime:0.001000s ]
INFO: Run Behavior\TokenBuildBehavior [ RunTime:0.002000s ]
INFO: [ view_filter ] --END-- [ RunTime:0.003000s ]
INFO: [ app_end ] --START--
INFO: Run Behavior\ShowPageTraceBehavior [ RunTime:0.001000s ]
INFO: [ app_end ] --END-- [ RunTime:0.001000s ]

[ 2019-03-25T09:07:46+08:00 ] 127.0.0.1 /index.php?s=/Admin/System/login_task
INFO: [ app_init ] --START--
INFO: Run Behavior\BuildLiteBehavior [ RunTime:0.000000s ]
INFO: [ app_init ] --END-- [ RunTime:0.001000s ]
INFO: [ app_begin ] --START--
INFO: Run Behavior\ReadHtmlCacheBehavior [ RunTime:0.001000s ]
INFO: [ app_begin ] --END-- [ RunTime:0.001000s ]
NOTIC: [8] Undefined index: pa E:\PHPTutorial\WWW\tpshop\ThinkPHP\Library\Think\Controller.class.php 第 100 行.
NOTIC: [8] Undefined index: login_task E:\PHPTutorial\WWW\tpshop\Application\Admin\Common\function.php 第 31 行.
NOTIC: [2] Invalid argument supplied for foreach() E:\PHPTutorial\WWW\tpshop\Application\Admin\Controller\SystemController.class.php 第 287 行.
INFO: [ app_end ] --START--
INFO: Run Behavior\ShowPageTraceBehavior [ RunTime:0.002000s ]
INFO: [ app_end ] --END-- [ RunTime:0.002000s ]

[ 2019-03-25T09:07:48+08:00 ] 127.0.0.1 /index.php?s=/Admin/Store/store_list
INFO: [ app_init ] --START--
INFO: Run Behavior\BuildLiteBehavior [ RunTime:0.000000s ]
INFO: [ app_init ] --END-- [ RunTime:0.001000s ]
INFO: [ app_begin ] --START--
INFO: Run Behavior\ReadHtmlCacheBehavior [ RunTime:0.001000s ]
INFO: [ app_begin ] --END-- [ RunTime:0.001000s ]
NOTIC: [8] Undefined index: pa E:\PHPTutorial\WWW\tpshop\ThinkPHP\Library\Think\Controller.class.php 第 100 行.
NOTIC: [8] Undefined index: admin/store E:\PHPTutorial\WWW\tpshop\Application\Admin\Common\function.php 第 30 行.
NOTIC: [8] Undefined index: admin/store E:\PHPTutorial\WWW\tpshop\Application\Admin\Common\function.php 第 31 行.
NOTIC: [8] Undefined variable: map E:\PHPTutorial\WWW\tpshop\Application\Admin\Controller\StoreController.class.php 第 121 行.
NOTIC: [8] Undefined variable: map E:\PHPTutorial\WWW\tpshop\Application\Admin\Controller\StoreController.class.php 第 123 行.
INFO: [ view_begin ] --START--
INFO: Run Home\Behaviors\testBehavior [ RunTime:0.002000s ]
INFO: [ view_begin ] --END-- [ RunTime:0.002000s ]
INFO: [ view_parse ] --START--
INFO: [ template_filter ] --START--
INFO: Run Behavior\ContentReplaceBehavior [ RunTime:0.000000s ]
INFO: [ template_filter ] --END-- [ RunTime:0.000000s ]
NOTIC: [8] Undefined variable: pid E:\PHPTutorial\WWW\tpshop\Application\Runtime\Cache\Admin\18e672ab47455c17877a783eee2aeab6.php 第 114 行.
NOTIC: [8] Undefined variable: pid E:\PHPTutorial\WWW\tpshop\Application\Runtime\Cache\Admin\18e672ab47455c17877a783eee2aeab6.php 第 114 行.
NOTIC: [8] Undefined variable: pid E:\PHPTutorial\WWW\tpshop\Application\Runtime\Cache\Admin\18e672ab47455c17877a783eee2aeab6.php 第 114 行.
NOTIC: [8] Undefined variable: pid E:\PHPTutorial\WWW\tpshop\Application\Runtime\Cache\Admin\18e672ab47455c17877a783eee2aeab6.php 第 114 行.
NOTIC: [8] Undefined variable: pid E:\PHPTutorial\WWW\tpshop\Application\Runtime\Cache\Admin\18e672ab47455c17877a783eee2aeab6.php 第 114 行.
NOTIC: [8] Undefined variable: pid E:\PHPTutorial\WWW\tpshop\Application\Runtime\Cache\Admin\18e672ab47455c17877a783eee2aeab6.php 第 114 行.
NOTIC: [8] Undefined variable: pid E:\PHPTutorial\WWW\tpshop\Application\Runtime\Cache\Admin\18e672ab47455c17877a783eee2aeab6.php 第 114 行.
NOTIC: [8] Undefined variable: pid E:\PHPTutorial\WWW\tpshop\Application\Runtime\Cache\Admin\18e672ab47455c17877a783eee2aeab6.php 第 114 行.
NOTIC: [8] Undefined variable: pid E:\PHPTutorial\WWW\tpshop\Application\Runtime\Cache\Admin\18e672ab47455c17877a783eee2aeab6.php 第 114 行.
NOTIC: [8] Undefined variable: pid E:\PHPTutorial\WWW\tpshop\Application\Runtime\Cache\Admin\18e672ab47455c17877a783eee2aeab6.php 第 114 行.
NOTIC: [8] Undefined variable: pid E:\PHPTutorial\WWW\tpshop\Application\Runtime\Cache\Admin\18e672ab47455c17877a783eee2aeab6.php 第 114 行.
NOTIC: [8] Undefined variable: pid E:\PHPTutorial\WWW\tpshop\Application\Runtime\Cache\Admin\18e672ab47455c17877a783eee2aeab6.php 第 114 行.
NOTIC: [8] Undefined variable: pid E:\PHPTutorial\WWW\tpshop\Application\Runtime\Cache\Admin\18e672ab47455c17877a783eee2aeab6.php 第 114 行.
NOTIC: [8] Undefined variable: pid E:\PHPTutorial\WWW\tpshop\Application\Runtime\Cache\Admin\18e672ab47455c17877a783eee2aeab6.php 第 114 行.
NOTIC: [8] Undefined variable: pid E:\PHPTutorial\WWW\tpshop\Application\Runtime\Cache\Admin\18e672ab47455c17877a783eee2aeab6.php 第 114 行.
NOTIC: [8] Undefined variable: pid E:\PHPTutorial\WWW\tpshop\Application\Runtime\Cache\Admin\18e672ab47455c17877a783eee2aeab6.php 第 114 行.
NOTIC: [8] Undefined variable: pid E:\PHPTutorial\WWW\tpshop\Application\Runtime\Cache\Admin\18e672ab47455c17877a783eee2aeab6.php 第 114 行.
NOTIC: [8] Undefined variable: pid E:\PHPTutorial\WWW\tpshop\Application\Runtime\Cache\Admin\18e672ab47455c17877a783eee2aeab6.php 第 114 行.
NOTIC: [8] Undefined variable: pid E:\PHPTutorial\WWW\tpshop\Application\Runtime\Cache\Admin\18e672ab47455c17877a783eee2aeab6.php 第 114 行.
NOTIC: [8] Undefined variable: pid E:\PHPTutorial\WWW\tpshop\Application\Runtime\Cache\Admin\18e672ab47455c17877a783eee2aeab6.php 第 114 行.
NOTIC: [8] Undefined variable: pid E:\PHPTutorial\WWW\tpshop\Application\Runtime\Cache\Admin\18e672ab47455c17877a783eee2aeab6.php 第 114 行.
NOTIC: [8] Undefined variable: pid E:\PHPTutorial\WWW\tpshop\Application\Runtime\Cache\Admin\18e672ab47455c17877a783eee2aeab6.php 第 114 行.
NOTIC: [8] Undefined variable: pid E:\PHPTutorial\WWW\tpshop\Application\Runtime\Cache\Admin\18e672ab47455c17877a783eee2aeab6.php 第 114 行.
NOTIC: [8] Undefined variable: pid E:\PHPTutorial\WWW\tpshop\Application\Runtime\Cache\Admin\18e672ab47455c17877a783eee2aeab6.php 第 114 行.
NOTIC: [8] Undefined variable: pid E:\PHPTutorial\WWW\tpshop\Application\Runtime\Cache\Admin\18e672ab47455c17877a783eee2aeab6.php 第 114 行.
NOTIC: [8] Undefined variable: pid E:\PHPTutorial\WWW\tpshop\Application\Runtime\Cache\Admin\18e672ab47455c17877a783eee2aeab6.php 第 114 行.
NOTIC: [8] Undefined variable: pid E:\PHPTutorial\WWW\tpshop\Application\Runtime\Cache\Admin\18e672ab47455c17877a783eee2aeab6.php 第 114 行.
NOTIC: [8] Undefined variable: pid E:\PHPTutorial\WWW\tpshop\Application\Runtime\Cache\Admin\18e672ab47455c17877a783eee2aeab6.php 第 114 行.
NOTIC: [8] Undefined variable: pid E:\PHPTutorial\WWW\tpshop\Application\Runtime\Cache\Admin\18e672ab47455c17877a783eee2aeab6.php 第 114 行.
NOTIC: [8] Undefined variable: pid E:\PHPTutorial\WWW\tpshop\Application\Runtime\Cache\Admin\18e672ab47455c17877a783eee2aeab6.php 第 114 行.
NOTIC: [8] Undefined variable: pid E:\PHPTutorial\WWW\tpshop\Application\Runtime\Cache\Admin\18e672ab47455c17877a783eee2aeab6.php 第 114 行.
NOTIC: [8] Use of undefined constant grade_id - assumed 'grade_id' E:\PHPTutorial\WWW\tpshop\Application\Runtime\Cache\Admin\18e672ab47455c17877a783eee2aeab6.php 第 169 行.
NOTIC: [8] Use of undefined constant sc_id - assumed 'sc_id' E:\PHPTutorial\WWW\tpshop\Application\Runtime\Cache\Admin\18e672ab47455c17877a783eee2aeab6.php 第 170 行.
NOTIC: [8] Undefined offset: 0 E:\PHPTutorial\WWW\tpshop\Application\Runtime\Cache\Admin\18e672ab47455c17877a783eee2aeab6.php 第 170 行.
NOTIC: [8] Use of undefined constant store_state - assumed 'store_state' E:\PHPTutorial\WWW\tpshop\Application\Runtime\Cache\Admin\18e672ab47455c17877a783eee2aeab6.php 第 172 行.
NOTIC: [8] Use of undefined constant store_recommend - assumed 'store_recommend' E:\PHPTutorial\WWW\tpshop\Application\Runtime\Cache\Admin\18e672ab47455c17877a783eee2aeab6.php 第 173 行.
NOTIC: [8] Use of undefined constant is_own_shop - assumed 'is_own_shop' E:\PHPTutorial\WWW\tpshop\Application\Runtime\Cache\Admin\18e672ab47455c17877a783eee2aeab6.php 第 174 行.
NOTIC: [8] Use of undefined constant bind_all_gc - assumed 'bind_all_gc' E:\PHPTutorial\WWW\tpshop\Application\Runtime\Cache\Admin\18e672ab47455c17877a783eee2aeab6.php 第 175 行.
NOTIC: [8] Use of undefined constant grade_id - assumed 'grade_id' E:\PHPTutorial\WWW\tpshop\Application\Runtime\Cache\Admin\18e672ab47455c17877a783eee2aeab6.php 第 169 行.
NOTIC: [8] Use of undefined constant sc_id - assumed 'sc_id' E:\PHPTutorial\WWW\tpshop\Application\Runtime\Cache\Admin\18e672ab47455c17877a783eee2aeab6.php 第 170 行.
NOTIC: [8] Undefined offset: 0 E:\PHPTutorial\WWW\tpshop\Application\Runtime\Cache\Admin\18e672ab47455c17877a783eee2aeab6.php 第 170 行.
NOTIC: [8] Use of undefined constant store_state - assumed 'store_state' E:\PHPTutorial\WWW\tpshop\Application\Runtime\Cache\Admin\18e672ab47455c17877a783eee2aeab6.php 第 172 行.
NOTIC: [8] Use of undefined constant store_recommend - assumed 'store_recommend' E:\PHPTutorial\WWW\tpshop\Application\Runtime\Cache\Admin\18e672ab47455c17877a783eee2aeab6.php 第 173 行.
NOTIC: [8] Use of undefined constant is_own_shop - assumed 'is_own_shop' E:\PHPTutorial\WWW\tpshop\Application\Runtime\Cache\Admin\18e672ab47455c17877a783eee2aeab6.php 第 174 行.
NOTIC: [8] Use of undefined constant bind_all_gc - assumed 'bind_all_gc' E:\PHPTutorial\WWW\tpshop\Application\Runtime\Cache\Admin\18e672ab47455c17877a783eee2aeab6.php 第 175 行.
NOTIC: [8] Use of undefined constant grade_id - assumed 'grade_id' E:\PHPTutorial\WWW\tpshop\Application\Runtime\Cache\Admin\18e672ab47455c17877a783eee2aeab6.php 第 169 行.
NOTIC: [8] Use of undefined constant sc_id - assumed 'sc_id' E:\PHPTutorial\WWW\tpshop\Application\Runtime\Cache\Admin\18e672ab47455c17877a783eee2aeab6.php 第 170 行.
NOTIC: [8] Use of undefined constant store_state - assumed 'store_state' E:\PHPTutorial\WWW\tpshop\Application\Runtime\Cache\Admin\18e672ab47455c17877a783eee2aeab6.php 第 172 行.
NOTIC: [8] Use of undefined constant store_recommend - assumed 'store_recommend' E:\PHPTutorial\WWW\tpshop\Application\Runtime\Cache\Admin\18e672ab47455c17877a783eee2aeab6.php 第 173 行.
NOTIC: [8] Use of undefined constant is_own_shop - assumed 'is_own_shop' E:\PHPTutorial\WWW\tpshop\Application\Runtime\Cache\Admin\18e672ab47455c17877a783eee2aeab6.php 第 174 行.
NOTIC: [8] Use of undefined constant bind_all_gc - assumed 'bind_all_gc' E:\PHPTutorial\WWW\tpshop\Application\Runtime\Cache\Admin\18e672ab47455c17877a783eee2aeab6.php 第 175 行.
NOTIC: [8] Use of undefined constant grade_id - assumed 'grade_id' E:\PHPTutorial\WWW\tpshop\Application\Runtime\Cache\Admin\18e672ab47455c17877a783eee2aeab6.php 第 169 行.
NOTIC: [8] Use of undefined constant sc_id - assumed 'sc_id' E:\PHPTutorial\WWW\tpshop\Application\Runtime\Cache\Admin\18e672ab47455c17877a783eee2aeab6.php 第 170 行.
NOTIC: [8] Use of undefined constant store_state - assumed 'store_state' E:\PHPTutorial\WWW\tpshop\Application\Runtime\Cache\Admin\18e672ab47455c17877a783eee2aeab6.php 第 172 行.
NOTIC: [8] Use of undefined constant store_recommend - assumed 'store_recommend' E:\PHPTutorial\WWW\tpshop\Application\Runtime\Cache\Admin\18e672ab47455c17877a783eee2aeab6.php 第 173 行.
NOTIC: [8] Use of undefined constant is_own_shop - assumed 'is_own_shop' E:\PHPTutorial\WWW\tpshop\Application\Runtime\Cache\Admin\18e672ab47455c17877a783eee2aeab6.php 第 174 行.
NOTIC: [8] Use of undefined constant bind_all_gc - assumed 'bind_all_gc' E:\PHPTutorial\WWW\tpshop\Application\Runtime\Cache\Admin\18e672ab47455c17877a783eee2aeab6.php 第 175 行.
NOTIC: [8] Use of undefined constant grade_id - assumed 'grade_id' E:\PHPTutorial\WWW\tpshop\Application\Runtime\Cache\Admin\18e672ab47455c17877a783eee2aeab6.php 第 169 行.
NOTIC: [8] Use of undefined constant sc_id - assumed 'sc_id' E:\PHPTutorial\WWW\tpshop\Application\Runtime\Cache\Admin\18e672ab47455c17877a783eee2aeab6.php 第 170 行.
NOTIC: [8] Use of undefined constant store_state - assumed 'store_state' E:\PHPTutorial\WWW\tpshop\Application\Runtime\Cache\Admin\18e672ab47455c17877a783eee2aeab6.php 第 172 行.
NOTIC: [8] Use of undefined constant store_recommend - assumed 'store_recommend' E:\PHPTutorial\WWW\tpshop\Application\Runtime\Cache\Admin\18e672ab47455c17877a783eee2aeab6.php 第 173 行.
NOTIC: [8] Use of undefined constant is_own_shop - assumed 'is_own_shop' E:\PHPTutorial\WWW\tpshop\Application\Runtime\Cache\Admin\18e672ab47455c17877a783eee2aeab6.php 第 174 行.
NOTIC: [8] Use of undefined constant bind_all_gc - assumed 'bind_all_gc' E:\PHPTutorial\WWW\tpshop\Application\Runtime\Cache\Admin\18e672ab47455c17877a783eee2aeab6.php 第 175 行.
NOTIC: [8] Use of undefined constant grade_id - assumed 'grade_id' E:\PHPTutorial\WWW\tpshop\Application\Runtime\Cache\Admin\18e672ab47455c17877a783eee2aeab6.php 第 169 行.
NOTIC: [8] Use of undefined constant sc_id - assumed 'sc_id' E:\PHPTutorial\WWW\tpshop\Application\Runtime\Cache\Admin\18e672ab47455c17877a783eee2aeab6.php 第 170 行.
NOTIC: [8] Use of undefined constant store_state - assumed 'store_state' E:\PHPTutorial\WWW\tpshop\Application\Runtime\Cache\Admin\18e672ab47455c17877a783eee2aeab6.php 第 172 行.
NOTIC: [8] Use of undefined constant store_recommend - assumed 'store_recommend' E:\PHPTutorial\WWW\tpshop\Application\Runtime\Cache\Admin\18e672ab47455c17877a783eee2aeab6.php 第 173 行.
NOTIC: [8] Use of undefined constant is_own_shop - assumed 'is_own_shop' E:\PHPTutorial\WWW\tpshop\Application\Runtime\Cache\Admin\18e672ab47455c17877a783eee2aeab6.php 第 174 行.
NOTIC: [8] Use of undefined constant bind_all_gc - assumed 'bind_all_gc' E:\PHPTutorial\WWW\tpshop\Application\Runtime\Cache\Admin\18e672ab47455c17877a783eee2aeab6.php 第 175 行.
NOTIC: [8] Use of undefined constant grade_id - assumed 'grade_id' E:\PHPTutorial\WWW\tpshop\Application\Runtime\Cache\Admin\18e672ab47455c17877a783eee2aeab6.php 第 169 行.
NOTIC: [8] Use of undefined constant sc_id - assumed 'sc_id' E:\PHPTutorial\WWW\tpshop\Application\Runtime\Cache\Admin\18e672ab47455c17877a783eee2aeab6.php 第 170 行.
NOTIC: [8] Use of undefined constant store_state - assumed 'store_state' E:\PHPTutorial\WWW\tpshop\Application\Runtime\Cache\Admin\18e672ab47455c17877a783eee2aeab6.php 第 172 行.
NOTIC: [8] Use of undefined constant store_recommend - assumed 'store_recommend' E:\PHPTutorial\WWW\tpshop\Application\Runtime\Cache\Admin\18e672ab47455c17877a783eee2aeab6.php 第 173 行.
NOTIC: [8] Use of undefined constant is_own_shop - assumed 'is_own_shop' E:\PHPTutorial\WWW\tpshop\Application\Runtime\Cache\Admin\18e672ab47455c17877a783eee2aeab6.php 第 174 行.
NOTIC: [8] Use of undefined constant bind_all_gc - assumed 'bind_all_gc' E:\PHPTutorial\WWW\tpshop\Application\Runtime\Cache\Admin\18e672ab47455c17877a783eee2aeab6.php 第 175 行.
NOTIC: [8] Use of undefined constant grade_id - assumed 'grade_id' E:\PHPTutorial\WWW\tpshop\Application\Runtime\Cache\Admin\18e672ab47455c17877a783eee2aeab6.php 第 169 行.
NOTIC: [8] Use of undefined constant sc_id - assumed 'sc_id' E:\PHPTutorial\WWW\tpshop\Application\Runtime\Cache\Admin\18e672ab47455c17877a783eee2aeab6.php 第 170 行.
NOTIC: [8] Use of undefined constant store_state - assumed 'store_state' E:\PHPTutorial\WWW\tpshop\Application\Runtime\Cache\Admin\18e672ab47455c17877a783eee2aeab6.php 第 172 行.
NOTIC: [8] Use of undefined constant store_recommend - assumed 'store_recommend' E:\PHPTutorial\WWW\tpshop\Application\Runtime\Cache\Admin\18e672ab47455c17877a783eee2aeab6.php 第 173 行.
NOTIC: [8] Use of undefined constant is_own_shop - assumed 'is_own_shop' E:\PHPTutorial\WWW\tpshop\Application\Runtime\Cache\Admin\18e672ab47455c17877a783eee2aeab6.php 第 174 行.
NOTIC: [8] Use of undefined constant bind_all_gc - assumed 'bind_all_gc' E:\PHPTutorial\WWW\tpshop\Application\Runtime\Cache\Admin\18e672ab47455c17877a783eee2aeab6.php 第 175 行.
NOTIC: [8] Use of undefined constant grade_id - assumed 'grade_id' E:\PHPTutorial\WWW\tpshop\Application\Runtime\Cache\Admin\18e672ab47455c17877a783eee2aeab6.php 第 169 行.
NOTIC: [8] Use of undefined constant sc_id - assumed 'sc_id' E:\PHPTutorial\WWW\tpshop\Application\Runtime\Cache\Admin\18e672ab47455c17877a783eee2aeab6.php 第 170 行.
NOTIC: [8] Use of undefined constant store_state - assumed 'store_state' E:\PHPTutorial\WWW\tpshop\Application\Runtime\Cache\Admin\18e672ab47455c17877a783eee2aeab6.php 第 172 行.
NOTIC: [8] Use of undefined constant store_recommend - assumed 'store_recommend' E:\PHPTutorial\WWW\tpshop\Application\Runtime\Cache\Admin\18e672ab47455c17877a783eee2aeab6.php 第 173 行.
NOTIC: [8] Use of undefined constant is_own_shop - assumed 'is_own_shop' E:\PHPTutorial\WWW\tpshop\Application\Runtime\Cache\Admin\18e672ab47455c17877a783eee2aeab6.php 第 174 行.
NOTIC: [8] Use of undefined constant bind_all_gc - assumed 'bind_all_gc' E:\PHPTutorial\WWW\tpshop\Application\Runtime\Cache\Admin\18e672ab47455c17877a783eee2aeab6.php 第 175 行.
NOTIC: [8] Use of undefined constant grade_id - assumed 'grade_id' E:\PHPTutorial\WWW\tpshop\Application\Runtime\Cache\Admin\18e672ab47455c17877a783eee2aeab6.php 第 169 行.
NOTIC: [8] Use of undefined constant sc_id - assumed 'sc_id' E:\PHPTutorial\WWW\tpshop\Application\Runtime\Cache\Admin\18e672ab47455c17877a783eee2aeab6.php 第 170 行.
NOTIC: [8] Use of undefined constant store_state - assumed 'store_state' E:\PHPTutorial\WWW\tpshop\Application\Runtime\Cache\Admin\18e672ab47455c17877a783eee2aeab6.php 第 172 行.
NOTIC: [8] Use of undefined constant store_recommend - assumed 'store_recommend' E:\PHPTutorial\WWW\tpshop\Application\Runtime\Cache\Admin\18e672ab47455c17877a783eee2aeab6.php 第 173 行.
NOTIC: [8] Use of undefined constant is_own_shop - assumed 'is_own_shop' E:\PHPTutorial\WWW\tpshop\Application\Runtime\Cache\Admin\18e672ab47455c17877a783eee2aeab6.php 第 174 行.
NOTIC: [8] Use of undefined constant bind_all_gc - assumed 'bind_all_gc' E:\PHPTutorial\WWW\tpshop\Application\Runtime\Cache\Admin\18e672ab47455c17877a783eee2aeab6.php 第 175 行.
INFO: Run Behavior\ParseTemplateBehavior [ RunTime:0.034002s ]
INFO: [ view_parse ] --END-- [ RunTime:0.034002s ]
INFO: [ view_filter ] --START--
INFO: Run Behavior\WriteHtmlCacheBehavior [ RunTime:0.001000s ]
INFO: Run Behavior\TokenBuildBehavior [ RunTime:0.002000s ]
INFO: [ view_filter ] --END-- [ RunTime:0.003000s ]
INFO: [ app_end ] --START--
INFO: Run Behavior\ShowPageTraceBehavior [ RunTime:0.001000s ]
INFO: [ app_end ] --END-- [ RunTime:0.001000s ]

[ 2019-03-25T09:07:49+08:00 ] 127.0.0.1 /index.php?s=/Admin/Store/apply_list
INFO: [ app_init ] --START--
INFO: Run Behavior\BuildLiteBehavior [ RunTime:0.000000s ]
INFO: [ app_init ] --END-- [ RunTime:0.000000s ]
INFO: [ app_begin ] --START--
INFO: Run Behavior\ReadHtmlCacheBehavior [ RunTime:0.001000s ]
INFO: [ app_begin ] --END-- [ RunTime:0.001000s ]
NOTIC: [8] Undefined index: pa E:\PHPTutorial\WWW\tpshop\ThinkPHP\Library\Think\Controller.class.php 第 100 行.
NOTIC: [8] Undefined index: admin/store E:\PHPTutorial\WWW\tpshop\Application\Admin\Common\function.php 第 30 行.
NOTIC: [8] Undefined index: admin/store E:\PHPTutorial\WWW\tpshop\Application\Admin\Common\function.php 第 31 行.
INFO: [ view_begin ] --START--
INFO: Run Home\Behaviors\testBehavior [ RunTime:0.001000s ]
INFO: [ view_begin ] --END-- [ RunTime:0.002000s ]
INFO: [ view_parse ] --START--
INFO: [ template_filter ] --START--
INFO: Run Behavior\ContentReplaceBehavior [ RunTime:0.000000s ]
INFO: [ template_filter ] --END-- [ RunTime:0.000000s ]
NOTIC: [8] Undefined variable: sg_id E:\PHPTutorial\WWW\tpshop\Application\Runtime\Cache\Admin\4ed4a576126241fa45d7709f9e076116.php 第 111 行.
NOTIC: [8] Undefined variable: sg_id E:\PHPTutorial\WWW\tpshop\Application\Runtime\Cache\Admin\4ed4a576126241fa45d7709f9e076116.php 第 111 行.
NOTIC: [8] Undefined variable: sg_id E:\PHPTutorial\WWW\tpshop\Application\Runtime\Cache\Admin\4ed4a576126241fa45d7709f9e076116.php 第 111 行.
NOTIC: [8] Undefined variable: sg_id E:\PHPTutorial\WWW\tpshop\Application\Runtime\Cache\Admin\4ed4a576126241fa45d7709f9e076116.php 第 111 行.
NOTIC: [8] Undefined variable: sg_id E:\PHPTutorial\WWW\tpshop\Application\Runtime\Cache\Admin\4ed4a576126241fa45d7709f9e076116.php 第 111 行.
NOTIC: [8] Undefined variable: sg_id E:\PHPTutorial\WWW\tpshop\Application\Runtime\Cache\Admin\4ed4a576126241fa45d7709f9e076116.php 第 111 行.
NOTIC: [8] Undefined variable: sg_id E:\PHPTutorial\WWW\tpshop\Application\Runtime\Cache\Admin\4ed4a576126241fa45d7709f9e076116.php 第 111 行.
NOTIC: [8] Undefined variable: sg_id E:\PHPTutorial\WWW\tpshop\Application\Runtime\Cache\Admin\4ed4a576126241fa45d7709f9e076116.php 第 111 行.
NOTIC: [8] Undefined variable: sg_id E:\PHPTutorial\WWW\tpshop\Application\Runtime\Cache\Admin\4ed4a576126241fa45d7709f9e076116.php 第 111 行.
NOTIC: [8] Undefined variable: sg_id E:\PHPTutorial\WWW\tpshop\Application\Runtime\Cache\Admin\4ed4a576126241fa45d7709f9e076116.php 第 111 行.
NOTIC: [8] Undefined variable: sg_id E:\PHPTutorial\WWW\tpshop\Application\Runtime\Cache\Admin\4ed4a576126241fa45d7709f9e076116.php 第 111 行.
NOTIC: [8] Undefined variable: sg_id E:\PHPTutorial\WWW\tpshop\Application\Runtime\Cache\Admin\4ed4a576126241fa45d7709f9e076116.php 第 111 行.
NOTIC: [8] Undefined variable: sg_id E:\PHPTutorial\WWW\tpshop\Application\Runtime\Cache\Admin\4ed4a576126241fa45d7709f9e076116.php 第 111 行.
NOTIC: [8] Undefined variable: sg_id E:\PHPTutorial\WWW\tpshop\Application\Runtime\Cache\Admin\4ed4a576126241fa45d7709f9e076116.php 第 111 行.
NOTIC: [8] Undefined variable: sg_id E:\PHPTutorial\WWW\tpshop\Application\Runtime\Cache\Admin\4ed4a576126241fa45d7709f9e076116.php 第 111 行.
NOTIC: [8] Undefined variable: sg_id E:\PHPTutorial\WWW\tpshop\Application\Runtime\Cache\Admin\4ed4a576126241fa45d7709f9e076116.php 第 111 行.
NOTIC: [8] Undefined variable: sg_id E:\PHPTutorial\WWW\tpshop\Application\Runtime\Cache\Admin\4ed4a576126241fa45d7709f9e076116.php 第 111 行.
NOTIC: [8] Undefined variable: sg_id E:\PHPTutorial\WWW\tpshop\Application\Runtime\Cache\Admin\4ed4a576126241fa45d7709f9e076116.php 第 111 行.
NOTIC: [8] Undefined variable: sg_id E:\PHPTutorial\WWW\tpshop\Application\Runtime\Cache\Admin\4ed4a576126241fa45d7709f9e076116.php 第 111 行.
NOTIC: [8] Undefined variable: sg_id E:\PHPTutorial\WWW\tpshop\Application\Runtime\Cache\Admin\4ed4a576126241fa45d7709f9e076116.php 第 111 行.
NOTIC: [8] Undefined variable: sg_id E:\PHPTutorial\WWW\tpshop\Application\Runtime\Cache\Admin\4ed4a576126241fa45d7709f9e076116.php 第 111 行.
NOTIC: [8] Undefined variable: sg_id E:\PHPTutorial\WWW\tpshop\Application\Runtime\Cache\Admin\4ed4a576126241fa45d7709f9e076116.php 第 111 行.
NOTIC: [8] Undefined variable: sg_id E:\PHPTutorial\WWW\tpshop\Application\Runtime\Cache\Admin\4ed4a576126241fa45d7709f9e076116.php 第 111 行.
NOTIC: [8] Undefined variable: sg_id E:\PHPTutorial\WWW\tpshop\Application\Runtime\Cache\Admin\4ed4a576126241fa45d7709f9e076116.php 第 111 行.
NOTIC: [8] Undefined variable: sg_id E:\PHPTutorial\WWW\tpshop\Application\Runtime\Cache\Admin\4ed4a576126241fa45d7709f9e076116.php 第 111 行.
NOTIC: [8] Undefined variable: sg_id E:\PHPTutorial\WWW\tpshop\Application\Runtime\Cache\Admin\4ed4a576126241fa45d7709f9e076116.php 第 111 行.
NOTIC: [8] Undefined variable: sg_id E:\PHPTutorial\WWW\tpshop\Application\Runtime\Cache\Admin\4ed4a576126241fa45d7709f9e076116.php 第 111 行.
NOTIC: [8] Undefined variable: sg_id E:\PHPTutorial\WWW\tpshop\Application\Runtime\Cache\Admin\4ed4a576126241fa45d7709f9e076116.php 第 111 行.
NOTIC: [8] Undefined variable: sg_id E:\PHPTutorial\WWW\tpshop\Application\Runtime\Cache\Admin\4ed4a576126241fa45d7709f9e076116.php 第 111 行.
NOTIC: [8] Undefined variable: sg_id E:\PHPTutorial\WWW\tpshop\Application\Runtime\Cache\Admin\4ed4a576126241fa45d7709f9e076116.php 第 111 行.
NOTIC: [8] Undefined variable: sg_id E:\PHPTutorial\WWW\tpshop\Application\Runtime\Cache\Admin\4ed4a576126241fa45d7709f9e076116.php 第 111 行.
NOTIC: [8] Use of undefined constant apply_state - assumed 'apply_state' E:\PHPTutorial\WWW\tpshop\Application\Runtime\Cache\Admin\4ed4a576126241fa45d7709f9e076116.php 第 159 行.
NOTIC: [8] Use of undefined constant apply_state - assumed 'apply_state' E:\PHPTutorial\WWW\tpshop\Application\Runtime\Cache\Admin\4ed4a576126241fa45d7709f9e076116.php 第 159 行.
NOTIC: [8] Use of undefined constant apply_state - assumed 'apply_state' E:\PHPTutorial\WWW\tpshop\Application\Runtime\Cache\Admin\4ed4a576126241fa45d7709f9e076116.php 第 159 行.
INFO: Run Behavior\ParseTemplateBehavior [ RunTime:0.027002s ]
INFO: [ view_parse ] --END-- [ RunTime:0.027002s ]
INFO: [ view_filter ] --START--
INFO: Run Behavior\WriteHtmlCacheBehavior [ RunTime:0.001000s ]
INFO: Run Behavior\TokenBuildBehavior [ RunTime:0.002000s ]
INFO: [ view_filter ] --END-- [ RunTime:0.003000s ]
INFO: [ app_end ] --START--
INFO: Run Behavior\ShowPageTraceBehavior [ RunTime:0.001000s ]
INFO: [ app_end ] --END-- [ RunTime:0.001000s ]

[ 2019-03-25T09:07:52+08:00 ] 127.0.0.1 /index.php?s=/Admin/Store/apply_info/id/37
INFO: [ app_init ] --START--
INFO: Run Behavior\BuildLiteBehavior [ RunTime:0.000000s ]
INFO: [ app_init ] --END-- [ RunTime:0.000000s ]
INFO: [ app_begin ] --START--
INFO: Run Behavior\ReadHtmlCacheBehavior [ RunTime:0.001000s ]
INFO: [ app_begin ] --END-- [ RunTime:0.001000s ]
NOTIC: [8] Undefined index: pa E:\PHPTutorial\WWW\tpshop\ThinkPHP\Library\Think\Controller.class.php 第 100 行.
NOTIC: [8] Undefined index: admin/store E:\PHPTutorial\WWW\tpshop\Application\Admin\Common\function.php 第 30 行.
NOTIC: [8] Undefined index: admin/store E:\PHPTutorial\WWW\tpshop\Application\Admin\Common\function.php 第 31 行.
INFO: [ view_begin ] --START--
INFO: Run Home\Behaviors\testBehavior [ RunTime:0.002000s ]
INFO: [ view_begin ] --END-- [ RunTime:0.002000s ]
INFO: [ view_parse ] --START--
INFO: [ template_filter ] --START--
INFO: Run Behavior\ContentReplaceBehavior [ RunTime:0.000000s ]
INFO: [ template_filter ] --END-- [ RunTime:0.000000s ]
NOTIC: [8] Use of undefined constant sg_id - assumed 'sg_id' E:\PHPTutorial\WWW\tpshop\Application\Runtime\Cache\Admin\53c57102d60404bf8d2d1662334fc391.php 第 217 行.
NOTIC: [8] Use of undefined constant sg_id - assumed 'sg_id' E:\PHPTutorial\WWW\tpshop\Application\Runtime\Cache\Admin\53c57102d60404bf8d2d1662334fc391.php 第 217 行.
NOTIC: [8] Use of undefined constant sg_id - assumed 'sg_id' E:\PHPTutorial\WWW\tpshop\Application\Runtime\Cache\Admin\53c57102d60404bf8d2d1662334fc391.php 第 217 行.
NOTIC: [8] Use of undefined constant sg_id - assumed 'sg_id' E:\PHPTutorial\WWW\tpshop\Application\Runtime\Cache\Admin\53c57102d60404bf8d2d1662334fc391.php 第 217 行.
NOTIC: [8] Use of undefined constant sg_id - assumed 'sg_id' E:\PHPTutorial\WWW\tpshop\Application\Runtime\Cache\Admin\53c57102d60404bf8d2d1662334fc391.php 第 217 行.
NOTIC: [8] Use of undefined constant sg_id - assumed 'sg_id' E:\PHPTutorial\WWW\tpshop\Application\Runtime\Cache\Admin\53c57102d60404bf8d2d1662334fc391.php 第 217 行.
NOTIC: [8] Use of undefined constant sg_id - assumed 'sg_id' E:\PHPTutorial\WWW\tpshop\Application\Runtime\Cache\Admin\53c57102d60404bf8d2d1662334fc391.php 第 217 行.
NOTIC: [8] Use of undefined constant sg_id - assumed 'sg_id' E:\PHPTutorial\WWW\tpshop\Application\Runtime\Cache\Admin\53c57102d60404bf8d2d1662334fc391.php 第 217 行.
NOTIC: [8] Use of undefined constant sg_id - assumed 'sg_id' E:\PHPTutorial\WWW\tpshop\Application\Runtime\Cache\Admin\53c57102d60404bf8d2d1662334fc391.php 第 217 行.
NOTIC: [8] Use of undefined constant sg_id - assumed 'sg_id' E:\PHPTutorial\WWW\tpshop\Application\Runtime\Cache\Admin\53c57102d60404bf8d2d1662334fc391.php 第 217 行.
NOTIC: [8] Use of undefined constant sg_id - assumed 'sg_id' E:\PHPTutorial\WWW\tpshop\Application\Runtime\Cache\Admin\53c57102d60404bf8d2d1662334fc391.php 第 217 行.
NOTIC: [8] Use of undefined constant sg_id - assumed 'sg_id' E:\PHPTutorial\WWW\tpshop\Application\Runtime\Cache\Admin\53c57102d60404bf8d2d1662334fc391.php 第 217 行.
NOTIC: [8] Use of undefined constant sg_id - assumed 'sg_id' E:\PHPTutorial\WWW\tpshop\Application\Runtime\Cache\Admin\53c57102d60404bf8d2d1662334fc391.php 第 217 行.
NOTIC: [8] Use of undefined constant sg_id - assumed 'sg_id' E:\PHPTutorial\WWW\tpshop\Application\Runtime\Cache\Admin\53c57102d60404bf8d2d1662334fc391.php 第 217 行.
NOTIC: [8] Use of undefined constant sg_id - assumed 'sg_id' E:\PHPTutorial\WWW\tpshop\Application\Runtime\Cache\Admin\53c57102d60404bf8d2d1662334fc391.php 第 217 行.
NOTIC: [8] Use of undefined constant sg_id - assumed 'sg_id' E:\PHPTutorial\WWW\tpshop\Application\Runtime\Cache\Admin\53c57102d60404bf8d2d1662334fc391.php 第 217 行.
NOTIC: [8] Use of undefined constant sg_id - assumed 'sg_id' E:\PHPTutorial\WWW\tpshop\Application\Runtime\Cache\Admin\53c57102d60404bf8d2d1662334fc391.php 第 217 行.
NOTIC: [8] Use of undefined constant sg_id - assumed 'sg_id' E:\PHPTutorial\WWW\tpshop\Application\Runtime\Cache\Admin\53c57102d60404bf8d2d1662334fc391.php 第 217 行.
NOTIC: [8] Use of undefined constant sg_id - assumed 'sg_id' E:\PHPTutorial\WWW\tpshop\Application\Runtime\Cache\Admin\53c57102d60404bf8d2d1662334fc391.php 第 217 行.
NOTIC: [8] Use of undefined constant sg_id - assumed 'sg_id' E:\PHPTutorial\WWW\tpshop\Application\Runtime\Cache\Admin\53c57102d60404bf8d2d1662334fc391.php 第 217 行.
NOTIC: [8] Use of undefined constant sg_id - assumed 'sg_id' E:\PHPTutorial\WWW\tpshop\Application\Runtime\Cache\Admin\53c57102d60404bf8d2d1662334fc391.php 第 217 行.
NOTIC: [8] Use of undefined constant sg_id - assumed 'sg_id' E:\PHPTutorial\WWW\tpshop\Application\Runtime\Cache\Admin\53c57102d60404bf8d2d1662334fc391.php 第 217 行.
NOTIC: [8] Use of undefined constant sg_id - assumed 'sg_id' E:\PHPTutorial\WWW\tpshop\Application\Runtime\Cache\Admin\53c57102d60404bf8d2d1662334fc391.php 第 217 行.
NOTIC: [8] Use of undefined constant sg_id - assumed 'sg_id' E:\PHPTutorial\WWW\tpshop\Application\Runtime\Cache\Admin\53c57102d60404bf8d2d1662334fc391.php 第 217 行.
NOTIC: [8] Use of undefined constant sg_id - assumed 'sg_id' E:\PHPTutorial\WWW\tpshop\Application\Runtime\Cache\Admin\53c57102d60404bf8d2d1662334fc391.php 第 217 行.
NOTIC: [8] Use of undefined constant sg_id - assumed 'sg_id' E:\PHPTutorial\WWW\tpshop\Application\Runtime\Cache\Admin\53c57102d60404bf8d2d1662334fc391.php 第 217 行.
NOTIC: [8] Use of undefined constant sg_id - assumed 'sg_id' E:\PHPTutorial\WWW\tpshop\Application\Runtime\Cache\Admin\53c57102d60404bf8d2d1662334fc391.php 第 217 行.
NOTIC: [8] Use of undefined constant sg_id - assumed 'sg_id' E:\PHPTutorial\WWW\tpshop\Application\Runtime\Cache\Admin\53c57102d60404bf8d2d1662334fc391.php 第 217 行.
NOTIC: [8] Use of undefined constant sg_id - assumed 'sg_id' E:\PHPTutorial\WWW\tpshop\Application\Runtime\Cache\Admin\53c57102d60404bf8d2d1662334fc391.php 第 217 行.
NOTIC: [8] Use of undefined constant sg_id - assumed 'sg_id' E:\PHPTutorial\WWW\tpshop\Application\Runtime\Cache\Admin\53c57102d60404bf8d2d1662334fc391.php 第 217 行.
NOTIC: [8] Use of undefined constant sg_id - assumed 'sg_id' E:\PHPTutorial\WWW\tpshop\Application\Runtime\Cache\Admin\53c57102d60404bf8d2d1662334fc391.php 第 217 行.
NOTIC: [8] Use of undefined constant sg_id - assumed 'sg_id' E:\PHPTutorial\WWW\tpshop\Application\Runtime\Cache\Admin\53c57102d60404bf8d2d1662334fc391.php 第 217 行.
NOTIC: [8] Use of undefined constant sg_id - assumed 'sg_id' E:\PHPTutorial\WWW\tpshop\Application\Runtime\Cache\Admin\53c57102d60404bf8d2d1662334fc391.php 第 217 行.
NOTIC: [8] Use of undefined constant sg_id - assumed 'sg_id' E:\PHPTutorial\WWW\tpshop\Application\Runtime\Cache\Admin\53c57102d60404bf8d2d1662334fc391.php 第 217 行.
NOTIC: [8] Use of undefined constant sg_id - assumed 'sg_id' E:\PHPTutorial\WWW\tpshop\Application\Runtime\Cache\Admin\53c57102d60404bf8d2d1662334fc391.php 第 217 行.
NOTIC: [8] Use of undefined constant sg_id - assumed 'sg_id' E:\PHPTutorial\WWW\tpshop\Application\Runtime\Cache\Admin\53c57102d60404bf8d2d1662334fc391.php 第 217 行.
NOTIC: [8] Use of undefined constant sg_id - assumed 'sg_id' E:\PHPTutorial\WWW\tpshop\Application\Runtime\Cache\Admin\53c57102d60404bf8d2d1662334fc391.php 第 217 行.
NOTIC: [8] Use of undefined constant sg_id - assumed 'sg_id' E:\PHPTutorial\WWW\tpshop\Application\Runtime\Cache\Admin\53c57102d60404bf8d2d1662334fc391.php 第 217 行.
NOTIC: [8] Use of undefined constant sg_id - assumed 'sg_id' E:\PHPTutorial\WWW\tpshop\Application\Runtime\Cache\Admin\53c57102d60404bf8d2d1662334fc391.php 第 217 行.
NOTIC: [8] Use of undefined constant sg_id - assumed 'sg_id' E:\PHPTutorial\WWW\tpshop\Application\Runtime\Cache\Admin\53c57102d60404bf8d2d1662334fc391.php 第 217 行.
NOTIC: [8] Use of undefined constant sg_id - assumed 'sg_id' E:\PHPTutorial\WWW\tpshop\Application\Runtime\Cache\Admin\53c57102d60404bf8d2d1662334fc391.php 第 217 行.
NOTIC: [8] Use of undefined constant sg_id - assumed 'sg_id' E:\PHPTutorial\WWW\tpshop\Application\Runtime\Cache\Admin\53c57102d60404bf8d2d1662334fc391.php 第 217 行.
NOTIC: [8] Use of undefined constant sg_id - assumed 'sg_id' E:\PHPTutorial\WWW\tpshop\Application\Runtime\Cache\Admin\53c57102d60404bf8d2d1662334fc391.php 第 217 行.
NOTIC: [8] Use of undefined constant sg_id - assumed 'sg_id' E:\PHPTutorial\WWW\tpshop\Application\Runtime\Cache\Admin\53c57102d60404bf8d2d1662334fc391.php 第 217 行.
NOTIC: [8] Use of undefined constant sg_id - assumed 'sg_id' E:\PHPTutorial\WWW\tpshop\Application\Runtime\Cache\Admin\53c57102d60404bf8d2d1662334fc391.php 第 217 行.
NOTIC: [8] Use of undefined constant sg_id - assumed 'sg_id' E:\PHPTutorial\WWW\tpshop\Application\Runtime\Cache\Admin\53c57102d60404bf8d2d1662334fc391.php 第 217 行.
NOTIC: [8] Use of undefined constant sg_id - assumed 'sg_id' E:\PHPTutorial\WWW\tpshop\Application\Runtime\Cache\Admin\53c57102d60404bf8d2d1662334fc391.php 第 217 行.
NOTIC: [8] Use of undefined constant sg_id - assumed 'sg_id' E:\PHPTutorial\WWW\tpshop\Application\Runtime\Cache\Admin\53c57102d60404bf8d2d1662334fc391.php 第 217 行.
NOTIC: [8] Use of undefined constant sg_id - assumed 'sg_id' E:\PHPTutorial\WWW\tpshop\Application\Runtime\Cache\Admin\53c57102d60404bf8d2d1662334fc391.php 第 217 行.
NOTIC: [8] Use of undefined constant sg_id - assumed 'sg_id' E:\PHPTutorial\WWW\tpshop\Application\Runtime\Cache\Admin\53c57102d60404bf8d2d1662334fc391.php 第 217 行.
NOTIC: [8] Use of undefined constant sg_id - assumed 'sg_id' E:\PHPTutorial\WWW\tpshop\Application\Runtime\Cache\Admin\53c57102d60404bf8d2d1662334fc391.php 第 217 行.
NOTIC: [8] Use of undefined constant sg_id - assumed 'sg_id' E:\PHPTutorial\WWW\tpshop\Application\Runtime\Cache\Admin\53c57102d60404bf8d2d1662334fc391.php 第 217 行.
NOTIC: [8] Use of undefined constant sg_id - assumed 'sg_id' E:\PHPTutorial\WWW\tpshop\Application\Runtime\Cache\Admin\53c57102d60404bf8d2d1662334fc391.php 第 217 行.
NOTIC: [8] Use of undefined constant sg_id - assumed 'sg_id' E:\PHPTutorial\WWW\tpshop\Application\Runtime\Cache\Admin\53c57102d60404bf8d2d1662334fc391.php 第 217 行.
NOTIC: [8] Use of undefined constant sg_id - assumed 'sg_id' E:\PHPTutorial\WWW\tpshop\Application\Runtime\Cache\Admin\53c57102d60404bf8d2d1662334fc391.php 第 217 行.
NOTIC: [8] Use of undefined constant sg_id - assumed 'sg_id' E:\PHPTutorial\WWW\tpshop\Application\Runtime\Cache\Admin\53c57102d60404bf8d2d1662334fc391.php 第 217 行.
NOTIC: [8] Use of undefined constant sg_id - assumed 'sg_id' E:\PHPTutorial\WWW\tpshop\Application\Runtime\Cache\Admin\53c57102d60404bf8d2d1662334fc391.php 第 217 行.
NOTIC: [8] Use of undefined constant sg_id - assumed 'sg_id' E:\PHPTutorial\WWW\tpshop\Application\Runtime\Cache\Admin\53c57102d60404bf8d2d1662334fc391.php 第 217 行.
NOTIC: [8] Use of undefined constant sg_id - assumed 'sg_id' E:\PHPTutorial\WWW\tpshop\Application\Runtime\Cache\Admin\53c57102d60404bf8d2d1662334fc391.php 第 217 行.
NOTIC: [8] Use of undefined constant sg_id - assumed 'sg_id' E:\PHPTutorial\WWW\tpshop\Application\Runtime\Cache\Admin\53c57102d60404bf8d2d1662334fc391.php 第 217 行.
NOTIC: [8] Use of undefined constant sg_id - assumed 'sg_id' E:\PHPTutorial\WWW\tpshop\Application\Runtime\Cache\Admin\53c57102d60404bf8d2d1662334fc391.php 第 217 行.
NOTIC: [8] Use of undefined constant sg_id - assumed 'sg_id' E:\PHPTutorial\WWW\tpshop\Application\Runtime\Cache\Admin\53c57102d60404bf8d2d1662334fc391.php 第 217 行.
NOTIC: [8] Use of undefined constant store_type - assumed 'store_type' E:\PHPTutorial\WWW\tpshop\Application\Runtime\Cache\Admin\53c57102d60404bf8d2d1662334fc391.php 第 223 行.
NOTIC: [8] Use of undefined constant store_type - assumed 'store_type' E:\PHPTutorial\WWW\tpshop\Application\Runtime\Cache\Admin\53c57102d60404bf8d2d1662334fc391.php 第 224 行.
NOTIC: [8] Use of undefined constant store_type - assumed 'store_type' E:\PHPTutorial\WWW\tpshop\Application\Runtime\Cache\Admin\53c57102d60404bf8d2d1662334fc391.php 第 225 行.
NOTIC: [8] Undefined variable: bind_class_list E:\PHPTutorial\WWW\tpshop\Application\Runtime\Cache\Admin\53c57102d60404bf8d2d1662334fc391.php 第 243 行.
INFO: Run Behavior\ParseTemplateBehavior [ RunTime:0.055003s ]
INFO: [ view_parse ] --END-- [ RunTime:0.055003s ]
INFO: [ view_filter ] --START--
INFO: Run Behavior\WriteHtmlCacheBehavior [ RunTime:0.001000s ]
INFO: Run Behavior\TokenBuildBehavior [ RunTime:0.002000s ]
INFO: [ view_filter ] --END-- [ RunTime:0.004000s ]
INFO: [ app_end ] --START--
INFO: Run Behavior\ShowPageTraceBehavior [ RunTime:0.001000s ]
INFO: [ app_end ] --END-- [ RunTime:0.001000s ]

[ 2019-03-25T09:11:03+08:00 ] 127.0.0.1 /index.php?s=/Admin/Store/apply_class_list
INFO: [ app_init ] --START--
INFO: Run Behavior\BuildLiteBehavior [ RunTime:0.000000s ]
INFO: [ app_init ] --END-- [ RunTime:0.001001s ]
INFO: [ app_begin ] --START--
INFO: Run Behavior\ReadHtmlCacheBehavior [ RunTime:0.001000s ]
INFO: [ app_begin ] --END-- [ RunTime:0.001000s ]
NOTIC: [8] Undefined index: pa E:\PHPTutorial\WWW\tpshop\ThinkPHP\Library\Think\Controller.class.php 第 100 行.
NOTIC: [8] Undefined index: admin/store E:\PHPTutorial\WWW\tpshop\Application\Admin\Common\function.php 第 30 行.
NOTIC: [8] Undefined index: admin/store E:\PHPTutorial\WWW\tpshop\Application\Admin\Common\function.php 第 31 行.
INFO: [ view_begin ] --START--
INFO: Run Home\Behaviors\testBehavior [ RunTime:0.002000s ]
INFO: [ view_begin ] --END-- [ RunTime:0.002000s ]
INFO: [ view_parse ] --START--
INFO: [ template_filter ] --START--
INFO: Run Behavior\ContentReplaceBehavior [ RunTime:0.000000s ]
INFO: [ template_filter ] --END-- [ RunTime:0.000000s ]
NOTIC: [8] Undefined variable: page E:\PHPTutorial\WWW\tpshop\Application\Runtime\Cache\Admin\6c7679f1c49ebc90aed319af91d36913.php 第 162 行.
INFO: Run Behavior\ParseTemplateBehavior [ RunTime:0.036002s ]
INFO: [ view_parse ] --END-- [ RunTime:0.036002s ]
INFO: [ view_filter ] --START--
INFO: Run Behavior\WriteHtmlCacheBehavior [ RunTime:0.001000s ]
INFO: Run Behavior\TokenBuildBehavior [ RunTime:0.001000s ]
INFO: [ view_filter ] --END-- [ RunTime:0.002000s ]
INFO: [ app_end ] --START--
INFO: Run Behavior\ShowPageTraceBehavior [ RunTime:0.001000s ]
INFO: [ app_end ] --END-- [ RunTime:0.001000s ]

[ 2019-03-25T09:11:04+08:00 ] 127.0.0.1 /index.php?s=/Admin/Store/reopen_list
INFO: [ app_init ] --START--
INFO: Run Behavior\BuildLiteBehavior [ RunTime:0.000000s ]
INFO: [ app_init ] --END-- [ RunTime:0.000000s ]
INFO: [ app_begin ] --START--
INFO: Run Behavior\ReadHtmlCacheBehavior [ RunTime:0.001000s ]
INFO: [ app_begin ] --END-- [ RunTime:0.001000s ]
NOTIC: [8] Undefined index: pa E:\PHPTutorial\WWW\tpshop\ThinkPHP\Library\Think\Controller.class.php 第 100 行.
NOTIC: [8] Undefined index: admin/store E:\PHPTutorial\WWW\tpshop\Application\Admin\Common\function.php 第 30 行.
NOTIC: [8] Undefined index: admin/store E:\PHPTutorial\WWW\tpshop\Application\Admin\Common\function.php 第 31 行.
INFO: [ view_begin ] --START--
INFO: Run Home\Behaviors\testBehavior [ RunTime:0.001000s ]
INFO: [ view_begin ] --END-- [ RunTime:0.002001s ]
INFO: [ view_parse ] --START--
INFO: [ template_filter ] --START--
INFO: Run Behavior\ContentReplaceBehavior [ RunTime:0.000000s ]
INFO: [ template_filter ] --END-- [ RunTime:0.001001s ]
NOTIC: [8] Undefined variable: bind_class E:\PHPTutorial\WWW\tpshop\Application\Runtime\Cache\Admin\4af8246b20acddf9281468a66864e9c6.php 第 155 行.
NOTIC: [8] Undefined variable: page E:\PHPTutorial\WWW\tpshop\Application\Runtime\Cache\Admin\4af8246b20acddf9281468a66864e9c6.php 第 180 行.
INFO: Run Behavior\ParseTemplateBehavior [ RunTime:0.038002s ]
INFO: [ view_parse ] --END-- [ RunTime:0.039002s ]
INFO: [ view_filter ] --START--
INFO: Run Behavior\WriteHtmlCacheBehavior [ RunTime:0.000000s ]
INFO: Run Behavior\TokenBuildBehavior [ RunTime:0.002000s ]
INFO: [ view_filter ] --END-- [ RunTime:0.002000s ]
INFO: [ app_end ] --START--
INFO: Run Behavior\ShowPageTraceBehavior [ RunTime:0.001000s ]
INFO: [ app_end ] --END-- [ RunTime:0.001000s ]

[ 2019-03-25T09:11:06+08:00 ] 127.0.0.1 /index.php?s=/Admin/Store/apply_list
INFO: [ app_init ] --START--
INFO: Run Behavior\BuildLiteBehavior [ RunTime:0.000000s ]
INFO: [ app_init ] --END-- [ RunTime:0.001000s ]
INFO: [ app_begin ] --START--
INFO: Run Behavior\ReadHtmlCacheBehavior [ RunTime:0.001000s ]
INFO: [ app_begin ] --END-- [ RunTime:0.001000s ]
NOTIC: [8] Undefined index: pa E:\PHPTutorial\WWW\tpshop\ThinkPHP\Library\Think\Controller.class.php 第 100 行.
NOTIC: [8] Undefined index: admin/store E:\PHPTutorial\WWW\tpshop\Application\Admin\Common\function.php 第 30 行.
NOTIC: [8] Undefined index: admin/store E:\PHPTutorial\WWW\tpshop\Application\Admin\Common\function.php 第 31 行.
INFO: [ view_begin ] --START--
INFO: Run Home\Behaviors\testBehavior [ RunTime:0.001000s ]
INFO: [ view_begin ] --END-- [ RunTime:0.001000s ]
INFO: [ view_parse ] --START--
INFO: [ template_filter ] --START--
INFO: Run Behavior\ContentReplaceBehavior [ RunTime:0.000000s ]
INFO: [ template_filter ] --END-- [ RunTime:0.000000s ]
NOTIC: [8] Undefined variable: sg_id E:\PHPTutorial\WWW\tpshop\Application\Runtime\Cache\Admin\4ed4a576126241fa45d7709f9e076116.php 第 111 行.
NOTIC: [8] Undefined variable: sg_id E:\PHPTutorial\WWW\tpshop\Application\Runtime\Cache\Admin\4ed4a576126241fa45d7709f9e076116.php 第 111 行.
NOTIC: [8] Undefined variable: sg_id E:\PHPTutorial\WWW\tpshop\Application\Runtime\Cache\Admin\4ed4a576126241fa45d7709f9e076116.php 第 111 行.
NOTIC: [8] Undefined variable: sg_id E:\PHPTutorial\WWW\tpshop\Application\Runtime\Cache\Admin\4ed4a576126241fa45d7709f9e076116.php 第 111 行.
NOTIC: [8] Undefined variable: sg_id E:\PHPTutorial\WWW\tpshop\Application\Runtime\Cache\Admin\4ed4a576126241fa45d7709f9e076116.php 第 111 行.
NOTIC: [8] Undefined variable: sg_id E:\PHPTutorial\WWW\tpshop\Application\Runtime\Cache\Admin\4ed4a576126241fa45d7709f9e076116.php 第 111 行.
NOTIC: [8] Undefined variable: sg_id E:\PHPTutorial\WWW\tpshop\Application\Runtime\Cache\Admin\4ed4a576126241fa45d7709f9e076116.php 第 111 行.
NOTIC: [8] Undefined variable: sg_id E:\PHPTutorial\WWW\tpshop\Application\Runtime\Cache\Admin\4ed4a576126241fa45d7709f9e076116.php 第 111 行.
NOTIC: [8] Undefined variable: sg_id E:\PHPTutorial\WWW\tpshop\Application\Runtime\Cache\Admin\4ed4a576126241fa45d7709f9e076116.php 第 111 行.
NOTIC: [8] Undefined variable: sg_id E:\PHPTutorial\WWW\tpshop\Application\Runtime\Cache\Admin\4ed4a576126241fa45d7709f9e076116.php 第 111 行.
NOTIC: [8] Undefined variable: sg_id E:\PHPTutorial\WWW\tpshop\Application\Runtime\Cache\Admin\4ed4a576126241fa45d7709f9e076116.php 第 111 行.
NOTIC: [8] Undefined variable: sg_id E:\PHPTutorial\WWW\tpshop\Application\Runtime\Cache\Admin\4ed4a576126241fa45d7709f9e076116.php 第 111 行.
NOTIC: [8] Undefined variable: sg_id E:\PHPTutorial\WWW\tpshop\Application\Runtime\Cache\Admin\4ed4a576126241fa45d7709f9e076116.php 第 111 行.
NOTIC: [8] Undefined variable: sg_id E:\PHPTutorial\WWW\tpshop\Application\Runtime\Cache\Admin\4ed4a576126241fa45d7709f9e076116.php 第 111 行.
NOTIC: [8] Undefined variable: sg_id E:\PHPTutorial\WWW\tpshop\Application\Runtime\Cache\Admin\4ed4a576126241fa45d7709f9e076116.php 第 111 行.
NOTIC: [8] Undefined variable: sg_id E:\PHPTutorial\WWW\tpshop\Application\Runtime\Cache\Admin\4ed4a576126241fa45d7709f9e076116.php 第 111 行.
NOTIC: [8] Undefined variable: sg_id E:\PHPTutorial\WWW\tpshop\Application\Runtime\Cache\Admin\4ed4a576126241fa45d7709f9e076116.php 第 111 行.
NOTIC: [8] Undefined variable: sg_id E:\PHPTutorial\WWW\tpshop\Application\Runtime\Cache\Admin\4ed4a576126241fa45d7709f9e076116.php 第 111 行.
NOTIC: [8] Undefined variable: sg_id E:\PHPTutorial\WWW\tpshop\Application\Runtime\Cache\Admin\4ed4a576126241fa45d7709f9e076116.php 第 111 行.
NOTIC: [8] Undefined variable: sg_id E:\PHPTutorial\WWW\tpshop\Application\Runtime\Cache\Admin\4ed4a576126241fa45d7709f9e076116.php 第 111 行.
NOTIC: [8] Undefined variable: sg_id E:\PHPTutorial\WWW\tpshop\Application\Runtime\Cache\Admin\4ed4a576126241fa45d7709f9e076116.php 第 111 行.
NOTIC: [8] Undefined variable: sg_id E:\PHPTutorial\WWW\tpshop\Application\Runtime\Cache\Admin\4ed4a576126241fa45d7709f9e076116.php 第 111 行.
NOTIC: [8] Undefined variable: sg_id E:\PHPTutorial\WWW\tpshop\Application\Runtime\Cache\Admin\4ed4a576126241fa45d7709f9e076116.php 第 111 行.
NOTIC: [8] Undefined variable: sg_id E:\PHPTutorial\WWW\tpshop\Application\Runtime\Cache\Admin\4ed4a576126241fa45d7709f9e076116.php 第 111 行.
NOTIC: [8] Undefined variable: sg_id E:\PHPTutorial\WWW\tpshop\Application\Runtime\Cache\Admin\4ed4a576126241fa45d7709f9e076116.php 第 111 行.
NOTIC: [8] Undefined variable: sg_id E:\PHPTutorial\WWW\tpshop\Application\Runtime\Cache\Admin\4ed4a576126241fa45d7709f9e076116.php 第 111 行.
NOTIC: [8] Undefined variable: sg_id E:\PHPTutorial\WWW\tpshop\Application\Runtime\Cache\Admin\4ed4a576126241fa45d7709f9e076116.php 第 111 行.
NOTIC: [8] Undefined variable: sg_id E:\PHPTutorial\WWW\tpshop\Application\Runtime\Cache\Admin\4ed4a576126241fa45d7709f9e076116.php 第 111 行.
NOTIC: [8] Undefined variable: sg_id E:\PHPTutorial\WWW\tpshop\Application\Runtime\Cache\Admin\4ed4a576126241fa45d7709f9e076116.php 第 111 行.
NOTIC: [8] Undefined variable: sg_id E:\PHPTutorial\WWW\tpshop\Application\Runtime\Cache\Admin\4ed4a576126241fa45d7709f9e076116.php 第 111 行.
NOTIC: [8] Undefined variable: sg_id E:\PHPTutorial\WWW\tpshop\Application\Runtime\Cache\Admin\4ed4a576126241fa45d7709f9e076116.php 第 111 行.
NOTIC: [8] Use of undefined constant apply_state - assumed 'apply_state' E:\PHPTutorial\WWW\tpshop\Application\Runtime\Cache\Admin\4ed4a576126241fa45d7709f9e076116.php 第 159 行.
NOTIC: [8] Use of undefined constant apply_state - assumed 'apply_state' E:\PHPTutorial\WWW\tpshop\Application\Runtime\Cache\Admin\4ed4a576126241fa45d7709f9e076116.php 第 159 行.
NOTIC: [8] Use of undefined constant apply_state - assumed 'apply_state' E:\PHPTutorial\WWW\tpshop\Application\Runtime\Cache\Admin\4ed4a576126241fa45d7709f9e076116.php 第 159 行.
INFO: Run Behavior\ParseTemplateBehavior [ RunTime:0.027002s ]
INFO: [ view_parse ] --END-- [ RunTime:0.027002s ]
INFO: [ view_filter ] --START--
INFO: Run Behavior\WriteHtmlCacheBehavior [ RunTime:0.001000s ]
INFO: Run Behavior\TokenBuildBehavior [ RunTime:0.001000s ]
INFO: [ view_filter ] --END-- [ RunTime:0.002000s ]
INFO: [ app_end ] --START--
INFO: Run Behavior\ShowPageTraceBehavior [ RunTime:0.001000s ]
INFO: [ app_end ] --END-- [ RunTime:0.002000s ]

[ 2019-03-25T09:11:09+08:00 ] 127.0.0.1 /index.php?s=/Admin/Store/apply_info/id/37
INFO: [ app_init ] --START--
INFO: Run Behavior\BuildLiteBehavior [ RunTime:0.000000s ]
INFO: [ app_init ] --END-- [ RunTime:0.000000s ]
INFO: [ app_begin ] --START--
INFO: Run Behavior\ReadHtmlCacheBehavior [ RunTime:0.001001s ]
INFO: [ app_begin ] --END-- [ RunTime:0.001001s ]
NOTIC: [8] Undefined index: pa E:\PHPTutorial\WWW\tpshop\ThinkPHP\Library\Think\Controller.class.php 第 100 行.
NOTIC: [8] Undefined index: admin/store E:\PHPTutorial\WWW\tpshop\Application\Admin\Common\function.php 第 30 行.
NOTIC: [8] Undefined index: admin/store E:\PHPTutorial\WWW\tpshop\Application\Admin\Common\function.php 第 31 行.
INFO: [ view_begin ] --START--
INFO: Run Home\Behaviors\testBehavior [ RunTime:0.001000s ]
INFO: [ view_begin ] --END-- [ RunTime:0.001000s ]
INFO: [ view_parse ] --START--
INFO: [ template_filter ] --START--
INFO: Run Behavior\ContentReplaceBehavior [ RunTime:0.001000s ]
INFO: [ template_filter ] --END-- [ RunTime:0.001000s ]
NOTIC: [8] Use of undefined constant sg_id - assumed 'sg_id' E:\PHPTutorial\WWW\tpshop\Application\Runtime\Cache\Admin\53c57102d60404bf8d2d1662334fc391.php 第 217 行.
NOTIC: [8] Use of undefined constant sg_id - assumed 'sg_id' E:\PHPTutorial\WWW\tpshop\Application\Runtime\Cache\Admin\53c57102d60404bf8d2d1662334fc391.php 第 217 行.
NOTIC: [8] Use of undefined constant sg_id - assumed 'sg_id' E:\PHPTutorial\WWW\tpshop\Application\Runtime\Cache\Admin\53c57102d60404bf8d2d1662334fc391.php 第 217 行.
NOTIC: [8] Use of undefined constant sg_id - assumed 'sg_id' E:\PHPTutorial\WWW\tpshop\Application\Runtime\Cache\Admin\53c57102d60404bf8d2d1662334fc391.php 第 217 行.
NOTIC: [8] Use of undefined constant sg_id - assumed 'sg_id' E:\PHPTutorial\WWW\tpshop\Application\Runtime\Cache\Admin\53c57102d60404bf8d2d1662334fc391.php 第 217 行.
NOTIC: [8] Use of undefined constant sg_id - assumed 'sg_id' E:\PHPTutorial\WWW\tpshop\Application\Runtime\Cache\Admin\53c57102d60404bf8d2d1662334fc391.php 第 217 行.
NOTIC: [8] Use of undefined constant sg_id - assumed 'sg_id' E:\PHPTutorial\WWW\tpshop\Application\Runtime\Cache\Admin\53c57102d60404bf8d2d1662334fc391.php 第 217 行.
NOTIC: [8] Use of undefined constant sg_id - assumed 'sg_id' E:\PHPTutorial\WWW\tpshop\Application\Runtime\Cache\Admin\53c57102d60404bf8d2d1662334fc391.php 第 217 行.
NOTIC: [8] Use of undefined constant sg_id - assumed 'sg_id' E:\PHPTutorial\WWW\tpshop\Application\Runtime\Cache\Admin\53c57102d60404bf8d2d1662334fc391.php 第 217 行.
NOTIC: [8] Use of undefined constant sg_id - assumed 'sg_id' E:\PHPTutorial\WWW\tpshop\Application\Runtime\Cache\Admin\53c57102d60404bf8d2d1662334fc391.php 第 217 行.
NOTIC: [8] Use of undefined constant sg_id - assumed 'sg_id' E:\PHPTutorial\WWW\tpshop\Application\Runtime\Cache\Admin\53c57102d60404bf8d2d1662334fc391.php 第 217 行.
NOTIC: [8] Use of undefined constant sg_id - assumed 'sg_id' E:\PHPTutorial\WWW\tpshop\Application\Runtime\Cache\Admin\53c57102d60404bf8d2d1662334fc391.php 第 217 行.
NOTIC: [8] Use of undefined constant sg_id - assumed 'sg_id' E:\PHPTutorial\WWW\tpshop\Application\Runtime\Cache\Admin\53c57102d60404bf8d2d1662334fc391.php 第 217 行.
NOTIC: [8] Use of undefined constant sg_id - assumed 'sg_id' E:\PHPTutorial\WWW\tpshop\Application\Runtime\Cache\Admin\53c57102d60404bf8d2d1662334fc391.php 第 217 行.
NOTIC: [8] Use of undefined constant sg_id - assumed 'sg_id' E:\PHPTutorial\WWW\tpshop\Application\Runtime\Cache\Admin\53c57102d60404bf8d2d1662334fc391.php 第 217 行.
NOTIC: [8] Use of undefined constant sg_id - assumed 'sg_id' E:\PHPTutorial\WWW\tpshop\Application\Runtime\Cache\Admin\53c57102d60404bf8d2d1662334fc391.php 第 217 行.
NOTIC: [8] Use of undefined constant sg_id - assumed 'sg_id' E:\PHPTutorial\WWW\tpshop\Application\Runtime\Cache\Admin\53c57102d60404bf8d2d1662334fc391.php 第 217 行.
NOTIC: [8] Use of undefined constant sg_id - assumed 'sg_id' E:\PHPTutorial\WWW\tpshop\Application\Runtime\Cache\Admin\53c57102d60404bf8d2d1662334fc391.php 第 217 行.
NOTIC: [8] Use of undefined constant sg_id - assumed 'sg_id' E:\PHPTutorial\WWW\tpshop\Application\Runtime\Cache\Admin\53c57102d60404bf8d2d1662334fc391.php 第 217 行.
NOTIC: [8] Use of undefined constant sg_id - assumed 'sg_id' E:\PHPTutorial\WWW\tpshop\Application\Runtime\Cache\Admin\53c57102d60404bf8d2d1662334fc391.php 第 217 行.
NOTIC: [8] Use of undefined constant sg_id - assumed 'sg_id' E:\PHPTutorial\WWW\tpshop\Application\Runtime\Cache\Admin\53c57102d60404bf8d2d1662334fc391.php 第 217 行.
NOTIC: [8] Use of undefined constant sg_id - assumed 'sg_id' E:\PHPTutorial\WWW\tpshop\Application\Runtime\Cache\Admin\53c57102d60404bf8d2d1662334fc391.php 第 217 行.
NOTIC: [8] Use of undefined constant sg_id - assumed 'sg_id' E:\PHPTutorial\WWW\tpshop\Application\Runtime\Cache\Admin\53c57102d60404bf8d2d1662334fc391.php 第 217 行.
NOTIC: [8] Use of undefined constant sg_id - assumed 'sg_id' E:\PHPTutorial\WWW\tpshop\Application\Runtime\Cache\Admin\53c57102d60404bf8d2d1662334fc391.php 第 217 行.
NOTIC: [8] Use of undefined constant sg_id - assumed 'sg_id' E:\PHPTutorial\WWW\tpshop\Application\Runtime\Cache\Admin\53c57102d60404bf8d2d1662334fc391.php 第 217 行.
NOTIC: [8] Use of undefined constant sg_id - assumed 'sg_id' E:\PHPTutorial\WWW\tpshop\Application\Runtime\Cache\Admin\53c57102d60404bf8d2d1662334fc391.php 第 217 行.
NOTIC: [8] Use of undefined constant sg_id - assumed 'sg_id' E:\PHPTutorial\WWW\tpshop\Application\Runtime\Cache\Admin\53c57102d60404bf8d2d1662334fc391.php 第 217 行.
NOTIC: [8] Use of undefined constant sg_id - assumed 'sg_id' E:\PHPTutorial\WWW\tpshop\Application\Runtime\Cache\Admin\53c57102d60404bf8d2d1662334fc391.php 第 217 行.
NOTIC: [8] Use of undefined constant sg_id - assumed 'sg_id' E:\PHPTutorial\WWW\tpshop\Application\Runtime\Cache\Admin\53c57102d60404bf8d2d1662334fc391.php 第 217 行.
NOTIC: [8] Use of undefined constant sg_id - assumed 'sg_id' E:\PHPTutorial\WWW\tpshop\Application\Runtime\Cache\Admin\53c57102d60404bf8d2d1662334fc391.php 第 217 行.
NOTIC: [8] Use of undefined constant sg_id - assumed 'sg_id' E:\PHPTutorial\WWW\tpshop\Application\Runtime\Cache\Admin\53c57102d60404bf8d2d1662334fc391.php 第 217 行.
NOTIC: [8] Use of undefined constant sg_id - assumed 'sg_id' E:\PHPTutorial\WWW\tpshop\Application\Runtime\Cache\Admin\53c57102d60404bf8d2d1662334fc391.php 第 217 行.
NOTIC: [8] Use of undefined constant sg_id - assumed 'sg_id' E:\PHPTutorial\WWW\tpshop\Application\Runtime\Cache\Admin\53c57102d60404bf8d2d1662334fc391.php 第 217 行.
NOTIC: [8] Use of undefined constant sg_id - assumed 'sg_id' E:\PHPTutorial\WWW\tpshop\Application\Runtime\Cache\Admin\53c57102d60404bf8d2d1662334fc391.php 第 217 行.
NOTIC: [8] Use of undefined constant sg_id - assumed 'sg_id' E:\PHPTutorial\WWW\tpshop\Application\Runtime\Cache\Admin\53c57102d60404bf8d2d1662334fc391.php 第 217 行.
NOTIC: [8] Use of undefined constant sg_id - assumed 'sg_id' E:\PHPTutorial\WWW\tpshop\Application\Runtime\Cache\Admin\53c57102d60404bf8d2d1662334fc391.php 第 217 行.
NOTIC: [8] Use of undefined constant sg_id - assumed 'sg_id' E:\PHPTutorial\WWW\tpshop\Application\Runtime\Cache\Admin\53c57102d60404bf8d2d1662334fc391.php 第 217 行.
NOTIC: [8] Use of undefined constant sg_id - assumed 'sg_id' E:\PHPTutorial\WWW\tpshop\Application\Runtime\Cache\Admin\53c57102d60404bf8d2d1662334fc391.php 第 217 行.
NOTIC: [8] Use of undefined constant sg_id - assumed 'sg_id' E:\PHPTutorial\WWW\tpshop\Application\Runtime\Cache\Admin\53c57102d60404bf8d2d1662334fc391.php 第 217 行.
NOTIC: [8] Use of undefined constant sg_id - assumed 'sg_id' E:\PHPTutorial\WWW\tpshop\Application\Runtime\Cache\Admin\53c57102d60404bf8d2d1662334fc391.php 第 217 行.
NOTIC: [8] Use of undefined constant sg_id - assumed 'sg_id' E:\PHPTutorial\WWW\tpshop\Application\Runtime\Cache\Admin\53c57102d60404bf8d2d1662334fc391.php 第 217 行.
NOTIC: [8] Use of undefined constant sg_id - assumed 'sg_id' E:\PHPTutorial\WWW\tpshop\Application\Runtime\Cache\Admin\53c57102d60404bf8d2d1662334fc391.php 第 217 行.
NOTIC: [8] Use of undefined constant sg_id - assumed 'sg_id' E:\PHPTutorial\WWW\tpshop\Application\Runtime\Cache\Admin\53c57102d60404bf8d2d1662334fc391.php 第 217 行.
NOTIC: [8] Use of undefined constant sg_id - assumed 'sg_id' E:\PHPTutorial\WWW\tpshop\Application\Runtime\Cache\Admin\53c57102d60404bf8d2d1662334fc391.php 第 217 行.
NOTIC: [8] Use of undefined constant sg_id - assumed 'sg_id' E:\PHPTutorial\WWW\tpshop\Application\Runtime\Cache\Admin\53c57102d60404bf8d2d1662334fc391.php 第 217 行.
NOTIC: [8] Use of undefined constant sg_id - assumed 'sg_id' E:\PHPTutorial\WWW\tpshop\Application\Runtime\Cache\Admin\53c57102d60404bf8d2d1662334fc391.php 第 217 行.
NOTIC: [8] Use of undefined constant sg_id - assumed 'sg_id' E:\PHPTutorial\WWW\tpshop\Application\Runtime\Cache\Admin\53c57102d60404bf8d2d1662334fc391.php 第 217 行.
NOTIC: [8] Use of undefined constant sg_id - assumed 'sg_id' E:\PHPTutorial\WWW\tpshop\Application\Runtime\Cache\Admin\53c57102d60404bf8d2d1662334fc391.php 第 217 行.
NOTIC: [8] Use of undefined constant sg_id - assumed 'sg_id' E:\PHPTutorial\WWW\tpshop\Application\Runtime\Cache\Admin\53c57102d60404bf8d2d1662334fc391.php 第 217 行.
NOTIC: [8] Use of undefined constant sg_id - assumed 'sg_id' E:\PHPTutorial\WWW\tpshop\Application\Runtime\Cache\Admin\53c57102d60404bf8d2d1662334fc391.php 第 217 行.
NOTIC: [8] Use of undefined constant sg_id - assumed 'sg_id' E:\PHPTutorial\WWW\tpshop\Application\Runtime\Cache\Admin\53c57102d60404bf8d2d1662334fc391.php 第 217 行.
NOTIC: [8] Use of undefined constant sg_id - assumed 'sg_id' E:\PHPTutorial\WWW\tpshop\Application\Runtime\Cache\Admin\53c57102d60404bf8d2d1662334fc391.php 第 217 行.
NOTIC: [8] Use of undefined constant sg_id - assumed 'sg_id' E:\PHPTutorial\WWW\tpshop\Application\Runtime\Cache\Admin\53c57102d60404bf8d2d1662334fc391.php 第 217 行.
NOTIC: [8] Use of undefined constant sg_id - assumed 'sg_id' E:\PHPTutorial\WWW\tpshop\Application\Runtime\Cache\Admin\53c57102d60404bf8d2d1662334fc391.php 第 217 行.
NOTIC: [8] Use of undefined constant sg_id - assumed 'sg_id' E:\PHPTutorial\WWW\tpshop\Application\Runtime\Cache\Admin\53c57102d60404bf8d2d1662334fc391.php 第 217 行.
NOTIC: [8] Use of undefined constant sg_id - assumed 'sg_id' E:\PHPTutorial\WWW\tpshop\Application\Runtime\Cache\Admin\53c57102d60404bf8d2d1662334fc391.php 第 217 行.
NOTIC: [8] Use of undefined constant sg_id - assumed 'sg_id' E:\PHPTutorial\WWW\tpshop\Application\Runtime\Cache\Admin\53c57102d60404bf8d2d1662334fc391.php 第 217 行.
NOTIC: [8] Use of undefined constant sg_id - assumed 'sg_id' E:\PHPTutorial\WWW\tpshop\Application\Runtime\Cache\Admin\53c57102d60404bf8d2d1662334fc391.php 第 217 行.
NOTIC: [8] Use of undefined constant sg_id - assumed 'sg_id' E:\PHPTutorial\WWW\tpshop\Application\Runtime\Cache\Admin\53c57102d60404bf8d2d1662334fc391.php 第 217 行.
NOTIC: [8] Use of undefined constant sg_id - assumed 'sg_id' E:\PHPTutorial\WWW\tpshop\Application\Runtime\Cache\Admin\53c57102d60404bf8d2d1662334fc391.php 第 217 行.
NOTIC: [8] Use of undefined constant sg_id - assumed 'sg_id' E:\PHPTutorial\WWW\tpshop\Application\Runtime\Cache\Admin\53c57102d60404bf8d2d1662334fc391.php 第 217 行.
NOTIC: [8] Use of undefined constant sg_id - assumed 'sg_id' E:\PHPTutorial\WWW\tpshop\Application\Runtime\Cache\Admin\53c57102d60404bf8d2d1662334fc391.php 第 217 行.
NOTIC: [8] Use of undefined constant store_type - assumed 'store_type' E:\PHPTutorial\WWW\tpshop\Application\Runtime\Cache\Admin\53c57102d60404bf8d2d1662334fc391.php 第 223 行.
NOTIC: [8] Use of undefined constant store_type - assumed 'store_type' E:\PHPTutorial\WWW\tpshop\Application\Runtime\Cache\Admin\53c57102d60404bf8d2d1662334fc391.php 第 224 行.
NOTIC: [8] Use of undefined constant store_type - assumed 'store_type' E:\PHPTutorial\WWW\tpshop\Application\Runtime\Cache\Admin\53c57102d60404bf8d2d1662334fc391.php 第 225 行.
NOTIC: [8] Undefined variable: bind_class_list E:\PHPTutorial\WWW\tpshop\Application\Runtime\Cache\Admin\53c57102d60404bf8d2d1662334fc391.php 第 243 行.
INFO: Run Behavior\ParseTemplateBehavior [ RunTime:0.033002s ]
INFO: [ view_parse ] --END-- [ RunTime:0.033002s ]
INFO: [ view_filter ] --START--
INFO: Run Behavior\WriteHtmlCacheBehavior [ RunTime:0.001000s ]
INFO: Run Behavior\TokenBuildBehavior [ RunTime:0.002001s ]
INFO: [ view_filter ] --END-- [ RunTime:0.003001s ]
INFO: [ app_end ] --START--
INFO: Run Behavior\ShowPageTraceBehavior [ RunTime:0.001000s ]
INFO: [ app_end ] --END-- [ RunTime:0.002000s ]

[ 2019-03-25T09:11:39+08:00 ] 127.0.0.1 /index.php?s=/Admin/Store/review
INFO: [ app_init ] --START--
INFO: Run Behavior\BuildLiteBehavior [ RunTime:0.000000s ]
INFO: [ app_init ] --END-- [ RunTime:0.000000s ]
INFO: [ app_begin ] --START--
INFO: Run Behavior\ReadHtmlCacheBehavior [ RunTime:0.001000s ]
INFO: [ app_begin ] --END-- [ RunTime:0.001000s ]
NOTIC: [8] Undefined index: pa E:\PHPTutorial\WWW\tpshop\ThinkPHP\Library\Think\Controller.class.php 第 100 行.
NOTIC: [8] Undefined index: admin/store E:\PHPTutorial\WWW\tpshop\Application\Admin\Common\function.php 第 30 行.
NOTIC: [8] Undefined index: admin/store E:\PHPTutorial\WWW\tpshop\Application\Admin\Common\function.php 第 31 行.
INFO: [ view_begin ] --START--
INFO: Run Home\Behaviors\testBehavior [ RunTime:0.001000s ]
INFO: [ view_begin ] --END-- [ RunTime:0.001000s ]
INFO: [ view_parse ] --START--
INFO: [ template_filter ] --START--
INFO: Run Behavior\ContentReplaceBehavior [ RunTime:0.000000s ]
INFO: [ template_filter ] --END-- [ RunTime:0.000000s ]
INFO: Run Behavior\ParseTemplateBehavior [ RunTime:0.012001s ]
INFO: [ view_parse ] --END-- [ RunTime:0.012001s ]
INFO: [ view_filter ] --START--
INFO: Run Behavior\WriteHtmlCacheBehavior [ RunTime:0.001000s ]
INFO: Run Behavior\TokenBuildBehavior [ RunTime:0.001000s ]
INFO: [ view_filter ] --END-- [ RunTime:0.002000s ]
INFO: [ app_end ] --START--
INFO: Run Behavior\ShowPageTraceBehavior [ RunTime:0.001000s ]
INFO: [ app_end ] --END-- [ RunTime:0.001000s ]

[ 2019-03-25T09:11:40+08:00 ] 127.0.0.1 /index.php?s=/Admin/Store/apply_list
INFO: [ app_init ] --START--
INFO: Run Behavior\BuildLiteBehavior [ RunTime:0.000000s ]
INFO: [ app_init ] --END-- [ RunTime:0.000000s ]
INFO: [ app_begin ] --START--
INFO: Run Behavior\ReadHtmlCacheBehavior [ RunTime:0.001000s ]
INFO: [ app_begin ] --END-- [ RunTime:0.001000s ]
NOTIC: [8] Undefined index: pa E:\PHPTutorial\WWW\tpshop\ThinkPHP\Library\Think\Controller.class.php 第 100 行.
NOTIC: [8] Undefined index: admin/store E:\PHPTutorial\WWW\tpshop\Application\Admin\Common\function.php 第 30 行.
NOTIC: [8] Undefined index: admin/store E:\PHPTutorial\WWW\tpshop\Application\Admin\Common\function.php 第 31 行.
INFO: [ view_begin ] --START--
INFO: Run Home\Behaviors\testBehavior [ RunTime:0.001000s ]
INFO: [ view_begin ] --END-- [ RunTime:0.001000s ]
INFO: [ view_parse ] --START--
INFO: [ template_filter ] --START--
INFO: Run Behavior\ContentReplaceBehavior [ RunTime:0.000000s ]
INFO: [ template_filter ] --END-- [ RunTime:0.000000s ]
NOTIC: [8] Undefined variable: sg_id E:\PHPTutorial\WWW\tpshop\Application\Runtime\Cache\Admin\4ed4a576126241fa45d7709f9e076116.php 第 111 行.
NOTIC: [8] Undefined variable: sg_id E:\PHPTutorial\WWW\tpshop\Application\Runtime\Cache\Admin\4ed4a576126241fa45d7709f9e076116.php 第 111 行.
NOTIC: [8] Undefined variable: sg_id E:\PHPTutorial\WWW\tpshop\Application\Runtime\Cache\Admin\4ed4a576126241fa45d7709f9e076116.php 第 111 行.
NOTIC: [8] Undefined variable: sg_id E:\PHPTutorial\WWW\tpshop\Application\Runtime\Cache\Admin\4ed4a576126241fa45d7709f9e076116.php 第 111 行.
NOTIC: [8] Undefined variable: sg_id E:\PHPTutorial\WWW\tpshop\Application\Runtime\Cache\Admin\4ed4a576126241fa45d7709f9e076116.php 第 111 行.
NOTIC: [8] Undefined variable: sg_id E:\PHPTutorial\WWW\tpshop\Application\Runtime\Cache\Admin\4ed4a576126241fa45d7709f9e076116.php 第 111 行.
NOTIC: [8] Undefined variable: sg_id E:\PHPTutorial\WWW\tpshop\Application\Runtime\Cache\Admin\4ed4a576126241fa45d7709f9e076116.php 第 111 行.
NOTIC: [8] Undefined variable: sg_id E:\PHPTutorial\WWW\tpshop\Application\Runtime\Cache\Admin\4ed4a576126241fa45d7709f9e076116.php 第 111 行.
NOTIC: [8] Undefined variable: sg_id E:\PHPTutorial\WWW\tpshop\Application\Runtime\Cache\Admin\4ed4a576126241fa45d7709f9e076116.php 第 111 行.
NOTIC: [8] Undefined variable: sg_id E:\PHPTutorial\WWW\tpshop\Application\Runtime\Cache\Admin\4ed4a576126241fa45d7709f9e076116.php 第 111 行.
NOTIC: [8] Undefined variable: sg_id E:\PHPTutorial\WWW\tpshop\Application\Runtime\Cache\Admin\4ed4a576126241fa45d7709f9e076116.php 第 111 行.
NOTIC: [8] Undefined variable: sg_id E:\PHPTutorial\WWW\tpshop\Application\Runtime\Cache\Admin\4ed4a576126241fa45d7709f9e076116.php 第 111 行.
NOTIC: [8] Undefined variable: sg_id E:\PHPTutorial\WWW\tpshop\Application\Runtime\Cache\Admin\4ed4a576126241fa45d7709f9e076116.php 第 111 行.
NOTIC: [8] Undefined variable: sg_id E:\PHPTutorial\WWW\tpshop\Application\Runtime\Cache\Admin\4ed4a576126241fa45d7709f9e076116.php 第 111 行.
NOTIC: [8] Undefined variable: sg_id E:\PHPTutorial\WWW\tpshop\Application\Runtime\Cache\Admin\4ed4a576126241fa45d7709f9e076116.php 第 111 行.
NOTIC: [8] Undefined variable: sg_id E:\PHPTutorial\WWW\tpshop\Application\Runtime\Cache\Admin\4ed4a576126241fa45d7709f9e076116.php 第 111 行.
NOTIC: [8] Undefined variable: sg_id E:\PHPTutorial\WWW\tpshop\Application\Runtime\Cache\Admin\4ed4a576126241fa45d7709f9e076116.php 第 111 行.
NOTIC: [8] Undefined variable: sg_id E:\PHPTutorial\WWW\tpshop\Application\Runtime\Cache\Admin\4ed4a576126241fa45d7709f9e076116.php 第 111 行.
NOTIC: [8] Undefined variable: sg_id E:\PHPTutorial\WWW\tpshop\Application\Runtime\Cache\Admin\4ed4a576126241fa45d7709f9e076116.php 第 111 行.
NOTIC: [8] Undefined variable: sg_id E:\PHPTutorial\WWW\tpshop\Application\Runtime\Cache\Admin\4ed4a576126241fa45d7709f9e076116.php 第 111 行.
NOTIC: [8] Undefined variable: sg_id E:\PHPTutorial\WWW\tpshop\Application\Runtime\Cache\Admin\4ed4a576126241fa45d7709f9e076116.php 第 111 行.
NOTIC: [8] Undefined variable: sg_id E:\PHPTutorial\WWW\tpshop\Application\Runtime\Cache\Admin\4ed4a576126241fa45d7709f9e076116.php 第 111 行.
NOTIC: [8] Undefined variable: sg_id E:\PHPTutorial\WWW\tpshop\Application\Runtime\Cache\Admin\4ed4a576126241fa45d7709f9e076116.php 第 111 行.
NOTIC: [8] Undefined variable: sg_id E:\PHPTutorial\WWW\tpshop\Application\Runtime\Cache\Admin\4ed4a576126241fa45d7709f9e076116.php 第 111 行.
NOTIC: [8] Undefined variable: sg_id E:\PHPTutorial\WWW\tpshop\Application\Runtime\Cache\Admin\4ed4a576126241fa45d7709f9e076116.php 第 111 行.
NOTIC: [8] Undefined variable: sg_id E:\PHPTutorial\WWW\tpshop\Application\Runtime\Cache\Admin\4ed4a576126241fa45d7709f9e076116.php 第 111 行.
NOTIC: [8] Undefined variable: sg_id E:\PHPTutorial\WWW\tpshop\Application\Runtime\Cache\Admin\4ed4a576126241fa45d7709f9e076116.php 第 111 行.
NOTIC: [8] Undefined variable: sg_id E:\PHPTutorial\WWW\tpshop\Application\Runtime\Cache\Admin\4ed4a576126241fa45d7709f9e076116.php 第 111 行.
NOTIC: [8] Undefined variable: sg_id E:\PHPTutorial\WWW\tpshop\Application\Runtime\Cache\Admin\4ed4a576126241fa45d7709f9e076116.php 第 111 行.
NOTIC: [8] Undefined variable: sg_id E:\PHPTutorial\WWW\tpshop\Application\Runtime\Cache\Admin\4ed4a576126241fa45d7709f9e076116.php 第 111 行.
NOTIC: [8] Undefined variable: sg_id E:\PHPTutorial\WWW\tpshop\Application\Runtime\Cache\Admin\4ed4a576126241fa45d7709f9e076116.php 第 111 行.
NOTIC: [8] Use of undefined constant apply_state - assumed 'apply_state' E:\PHPTutorial\WWW\tpshop\Application\Runtime\Cache\Admin\4ed4a576126241fa45d7709f9e076116.php 第 159 行.
NOTIC: [8] Use of undefined constant apply_state - assumed 'apply_state' E:\PHPTutorial\WWW\tpshop\Application\Runtime\Cache\Admin\4ed4a576126241fa45d7709f9e076116.php 第 159 行.
INFO: Run Behavior\ParseTemplateBehavior [ RunTime:0.028001s ]
INFO: [ view_parse ] --END-- [ RunTime:0.028001s ]
INFO: [ view_filter ] --START--
INFO: Run Behavior\WriteHtmlCacheBehavior [ RunTime:0.000000s ]
INFO: Run Behavior\TokenBuildBehavior [ RunTime:0.001000s ]
INFO: [ view_filter ] --END-- [ RunTime:0.002000s ]
INFO: [ app_end ] --START--
INFO: Run Behavior\ShowPageTraceBehavior [ RunTime:0.001000s ]
INFO: [ app_end ] --END-- [ RunTime:0.001000s ]

[ 2019-03-25T09:35:54+08:00 ] 127.0.0.1 /index.php?s=/Admin/Store/apply_info/id/35
INFO: [ app_init ] --START--
INFO: Run Behavior\BuildLiteBehavior [ RunTime:0.000000s ]
INFO: [ app_init ] --END-- [ RunTime:0.001000s ]
INFO: [ app_begin ] --START--
INFO: Run Behavior\ReadHtmlCacheBehavior [ RunTime:0.001001s ]
INFO: [ app_begin ] --END-- [ RunTime:0.001001s ]
NOTIC: [8] Undefined index: pa E:\PHPTutorial\WWW\tpshop\ThinkPHP\Library\Think\Controller.class.php 第 100 行.
NOTIC: [8] Undefined index: admin/store E:\PHPTutorial\WWW\tpshop\Application\Admin\Common\function.php 第 30 行.
NOTIC: [8] Undefined index: admin/store E:\PHPTutorial\WWW\tpshop\Application\Admin\Common\function.php 第 31 行.
INFO: [ view_begin ] --START--
INFO: Run Home\Behaviors\testBehavior [ RunTime:0.002000s ]
INFO: [ view_begin ] --END-- [ RunTime:0.002000s ]
INFO: [ view_parse ] --START--
INFO: [ template_filter ] --START--
INFO: Run Behavior\ContentReplaceBehavior [ RunTime:0.000000s ]
INFO: [ template_filter ] --END-- [ RunTime:0.001000s ]
NOTIC: [8] Use of undefined constant sg_id - assumed 'sg_id' E:\PHPTutorial\WWW\tpshop\Application\Runtime\Cache\Admin\53c57102d60404bf8d2d1662334fc391.php 第 217 行.
NOTIC: [8] Use of undefined constant sg_id - assumed 'sg_id' E:\PHPTutorial\WWW\tpshop\Application\Runtime\Cache\Admin\53c57102d60404bf8d2d1662334fc391.php 第 217 行.
NOTIC: [8] Use of undefined constant sg_id - assumed 'sg_id' E:\PHPTutorial\WWW\tpshop\Application\Runtime\Cache\Admin\53c57102d60404bf8d2d1662334fc391.php 第 217 行.
NOTIC: [8] Use of undefined constant sg_id - assumed 'sg_id' E:\PHPTutorial\WWW\tpshop\Application\Runtime\Cache\Admin\53c57102d60404bf8d2d1662334fc391.php 第 217 行.
NOTIC: [8] Use of undefined constant sg_id - assumed 'sg_id' E:\PHPTutorial\WWW\tpshop\Application\Runtime\Cache\Admin\53c57102d60404bf8d2d1662334fc391.php 第 217 行.
NOTIC: [8] Use of undefined constant sg_id - assumed 'sg_id' E:\PHPTutorial\WWW\tpshop\Application\Runtime\Cache\Admin\53c57102d60404bf8d2d1662334fc391.php 第 217 行.
NOTIC: [8] Use of undefined constant sg_id - assumed 'sg_id' E:\PHPTutorial\WWW\tpshop\Application\Runtime\Cache\Admin\53c57102d60404bf8d2d1662334fc391.php 第 217 行.
NOTIC: [8] Use of undefined constant sg_id - assumed 'sg_id' E:\PHPTutorial\WWW\tpshop\Application\Runtime\Cache\Admin\53c57102d60404bf8d2d1662334fc391.php 第 217 行.
NOTIC: [8] Use of undefined constant sg_id - assumed 'sg_id' E:\PHPTutorial\WWW\tpshop\Application\Runtime\Cache\Admin\53c57102d60404bf8d2d1662334fc391.php 第 217 行.
NOTIC: [8] Use of undefined constant sg_id - assumed 'sg_id' E:\PHPTutorial\WWW\tpshop\Application\Runtime\Cache\Admin\53c57102d60404bf8d2d1662334fc391.php 第 217 行.
NOTIC: [8] Use of undefined constant sg_id - assumed 'sg_id' E:\PHPTutorial\WWW\tpshop\Application\Runtime\Cache\Admin\53c57102d60404bf8d2d1662334fc391.php 第 217 行.
NOTIC: [8] Use of undefined constant sg_id - assumed 'sg_id' E:\PHPTutorial\WWW\tpshop\Application\Runtime\Cache\Admin\53c57102d60404bf8d2d1662334fc391.php 第 217 行.
NOTIC: [8] Use of undefined constant sg_id - assumed 'sg_id' E:\PHPTutorial\WWW\tpshop\Application\Runtime\Cache\Admin\53c57102d60404bf8d2d1662334fc391.php 第 217 行.
NOTIC: [8] Use of undefined constant sg_id - assumed 'sg_id' E:\PHPTutorial\WWW\tpshop\Application\Runtime\Cache\Admin\53c57102d60404bf8d2d1662334fc391.php 第 217 行.
NOTIC: [8] Use of undefined constant sg_id - assumed 'sg_id' E:\PHPTutorial\WWW\tpshop\Application\Runtime\Cache\Admin\53c57102d60404bf8d2d1662334fc391.php 第 217 行.
NOTIC: [8] Use of undefined constant sg_id - assumed 'sg_id' E:\PHPTutorial\WWW\tpshop\Application\Runtime\Cache\Admin\53c57102d60404bf8d2d1662334fc391.php 第 217 行.
NOTIC: [8] Use of undefined constant sg_id - assumed 'sg_id' E:\PHPTutorial\WWW\tpshop\Application\Runtime\Cache\Admin\53c57102d60404bf8d2d1662334fc391.php 第 217 行.
NOTIC: [8] Use of undefined constant sg_id - assumed 'sg_id' E:\PHPTutorial\WWW\tpshop\Application\Runtime\Cache\Admin\53c57102d60404bf8d2d1662334fc391.php 第 217 行.
NOTIC: [8] Use of undefined constant sg_id - assumed 'sg_id' E:\PHPTutorial\WWW\tpshop\Application\Runtime\Cache\Admin\53c57102d60404bf8d2d1662334fc391.php 第 217 行.
NOTIC: [8] Use of undefined constant sg_id - assumed 'sg_id' E:\PHPTutorial\WWW\tpshop\Application\Runtime\Cache\Admin\53c57102d60404bf8d2d1662334fc391.php 第 217 行.
NOTIC: [8] Use of undefined constant sg_id - assumed 'sg_id' E:\PHPTutorial\WWW\tpshop\Application\Runtime\Cache\Admin\53c57102d60404bf8d2d1662334fc391.php 第 217 行.
NOTIC: [8] Use of undefined constant sg_id - assumed 'sg_id' E:\PHPTutorial\WWW\tpshop\Application\Runtime\Cache\Admin\53c57102d60404bf8d2d1662334fc391.php 第 217 行.
NOTIC: [8] Use of undefined constant sg_id - assumed 'sg_id' E:\PHPTutorial\WWW\tpshop\Application\Runtime\Cache\Admin\53c57102d60404bf8d2d1662334fc391.php 第 217 行.
NOTIC: [8] Use of undefined constant sg_id - assumed 'sg_id' E:\PHPTutorial\WWW\tpshop\Application\Runtime\Cache\Admin\53c57102d60404bf8d2d1662334fc391.php 第 217 行.
NOTIC: [8] Use of undefined constant sg_id - assumed 'sg_id' E:\PHPTutorial\WWW\tpshop\Application\Runtime\Cache\Admin\53c57102d60404bf8d2d1662334fc391.php 第 217 行.
NOTIC: [8] Use of undefined constant sg_id - assumed 'sg_id' E:\PHPTutorial\WWW\tpshop\Application\Runtime\Cache\Admin\53c57102d60404bf8d2d1662334fc391.php 第 217 行.
NOTIC: [8] Use of undefined constant sg_id - assumed 'sg_id' E:\PHPTutorial\WWW\tpshop\Application\Runtime\Cache\Admin\53c57102d60404bf8d2d1662334fc391.php 第 217 行.
NOTIC: [8] Use of undefined constant sg_id - assumed 'sg_id' E:\PHPTutorial\WWW\tpshop\Application\Runtime\Cache\Admin\53c57102d60404bf8d2d1662334fc391.php 第 217 行.
NOTIC: [8] Use of undefined constant sg_id - assumed 'sg_id' E:\PHPTutorial\WWW\tpshop\Application\Runtime\Cache\Admin\53c57102d60404bf8d2d1662334fc391.php 第 217 行.
NOTIC: [8] Use of undefined constant sg_id - assumed 'sg_id' E:\PHPTutorial\WWW\tpshop\Application\Runtime\Cache\Admin\53c57102d60404bf8d2d1662334fc391.php 第 217 行.
NOTIC: [8] Use of undefined constant sg_id - assumed 'sg_id' E:\PHPTutorial\WWW\tpshop\Application\Runtime\Cache\Admin\53c57102d60404bf8d2d1662334fc391.php 第 217 行.
NOTIC: [8] Use of undefined constant sg_id - assumed 'sg_id' E:\PHPTutorial\WWW\tpshop\Application\Runtime\Cache\Admin\53c57102d60404bf8d2d1662334fc391.php 第 217 行.
NOTIC: [8] Use of undefined constant sg_id - assumed 'sg_id' E:\PHPTutorial\WWW\tpshop\Application\Runtime\Cache\Admin\53c57102d60404bf8d2d1662334fc391.php 第 217 行.
NOTIC: [8] Use of undefined constant sg_id - assumed 'sg_id' E:\PHPTutorial\WWW\tpshop\Application\Runtime\Cache\Admin\53c57102d60404bf8d2d1662334fc391.php 第 217 行.
NOTIC: [8] Use of undefined constant sg_id - assumed 'sg_id' E:\PHPTutorial\WWW\tpshop\Application\Runtime\Cache\Admin\53c57102d60404bf8d2d1662334fc391.php 第 217 行.
NOTIC: [8] Use of undefined constant sg_id - assumed 'sg_id' E:\PHPTutorial\WWW\tpshop\Application\Runtime\Cache\Admin\53c57102d60404bf8d2d1662334fc391.php 第 217 行.
NOTIC: [8] Use of undefined constant sg_id - assumed 'sg_id' E:\PHPTutorial\WWW\tpshop\Application\Runtime\Cache\Admin\53c57102d60404bf8d2d1662334fc391.php 第 217 行.
NOTIC: [8] Use of undefined constant sg_id - assumed 'sg_id' E:\PHPTutorial\WWW\tpshop\Application\Runtime\Cache\Admin\53c57102d60404bf8d2d1662334fc391.php 第 217 行.
NOTIC: [8] Use of undefined constant sg_id - assumed 'sg_id' E:\PHPTutorial\WWW\tpshop\Application\Runtime\Cache\Admin\53c57102d60404bf8d2d1662334fc391.php 第 217 行.
NOTIC: [8] Use of undefined constant sg_id - assumed 'sg_id' E:\PHPTutorial\WWW\tpshop\Application\Runtime\Cache\Admin\53c57102d60404bf8d2d1662334fc391.php 第 217 行.
NOTIC: [8] Use of undefined constant sg_id - assumed 'sg_id' E:\PHPTutorial\WWW\tpshop\Application\Runtime\Cache\Admin\53c57102d60404bf8d2d1662334fc391.php 第 217 行.
NOTIC: [8] Use of undefined constant sg_id - assumed 'sg_id' E:\PHPTutorial\WWW\tpshop\Application\Runtime\Cache\Admin\53c57102d60404bf8d2d1662334fc391.php 第 217 行.
NOTIC: [8] Use of undefined constant sg_id - assumed 'sg_id' E:\PHPTutorial\WWW\tpshop\Application\Runtime\Cache\Admin\53c57102d60404bf8d2d1662334fc391.php 第 217 行.
NOTIC: [8] Use of undefined constant sg_id - assumed 'sg_id' E:\PHPTutorial\WWW\tpshop\Application\Runtime\Cache\Admin\53c57102d60404bf8d2d1662334fc391.php 第 217 行.
NOTIC: [8] Use of undefined constant sg_id - assumed 'sg_id' E:\PHPTutorial\WWW\tpshop\Application\Runtime\Cache\Admin\53c57102d60404bf8d2d1662334fc391.php 第 217 行.
NOTIC: [8] Use of undefined constant sg_id - assumed 'sg_id' E:\PHPTutorial\WWW\tpshop\Application\Runtime\Cache\Admin\53c57102d60404bf8d2d1662334fc391.php 第 217 行.
NOTIC: [8] Use of undefined constant sg_id - assumed 'sg_id' E:\PHPTutorial\WWW\tpshop\Application\Runtime\Cache\Admin\53c57102d60404bf8d2d1662334fc391.php 第 217 行.
NOTIC: [8] Use of undefined constant sg_id - assumed 'sg_id' E:\PHPTutorial\WWW\tpshop\Application\Runtime\Cache\Admin\53c57102d60404bf8d2d1662334fc391.php 第 217 行.
NOTIC: [8] Use of undefined constant sg_id - assumed 'sg_id' E:\PHPTutorial\WWW\tpshop\Application\Runtime\Cache\Admin\53c57102d60404bf8d2d1662334fc391.php 第 217 行.
NOTIC: [8] Use of undefined constant sg_id - assumed 'sg_id' E:\PHPTutorial\WWW\tpshop\Application\Runtime\Cache\Admin\53c57102d60404bf8d2d1662334fc391.php 第 217 行.
NOTIC: [8] Use of undefined constant sg_id - assumed 'sg_id' E:\PHPTutorial\WWW\tpshop\Application\Runtime\Cache\Admin\53c57102d60404bf8d2d1662334fc391.php 第 217 行.
NOTIC: [8] Use of undefined constant sg_id - assumed 'sg_id' E:\PHPTutorial\WWW\tpshop\Application\Runtime\Cache\Admin\53c57102d60404bf8d2d1662334fc391.php 第 217 行.
NOTIC: [8] Use of undefined constant sg_id - assumed 'sg_id' E:\PHPTutorial\WWW\tpshop\Application\Runtime\Cache\Admin\53c57102d60404bf8d2d1662334fc391.php 第 217 行.
NOTIC: [8] Use of undefined constant sg_id - assumed 'sg_id' E:\PHPTutorial\WWW\tpshop\Application\Runtime\Cache\Admin\53c57102d60404bf8d2d1662334fc391.php 第 217 行.
NOTIC: [8] Use of undefined constant sg_id - assumed 'sg_id' E:\PHPTutorial\WWW\tpshop\Application\Runtime\Cache\Admin\53c57102d60404bf8d2d1662334fc391.php 第 217 行.
NOTIC: [8] Use of undefined constant sg_id - assumed 'sg_id' E:\PHPTutorial\WWW\tpshop\Application\Runtime\Cache\Admin\53c57102d60404bf8d2d1662334fc391.php 第 217 行.
NOTIC: [8] Use of undefined constant sg_id - assumed 'sg_id' E:\PHPTutorial\WWW\tpshop\Application\Runtime\Cache\Admin\53c57102d60404bf8d2d1662334fc391.php 第 217 行.
NOTIC: [8] Use of undefined constant sg_id - assumed 'sg_id' E:\PHPTutorial\WWW\tpshop\Application\Runtime\Cache\Admin\53c57102d60404bf8d2d1662334fc391.php 第 217 行.
NOTIC: [8] Use of undefined constant sg_id - assumed 'sg_id' E:\PHPTutorial\WWW\tpshop\Application\Runtime\Cache\Admin\53c57102d60404bf8d2d1662334fc391.php 第 217 行.
NOTIC: [8] Use of undefined constant sg_id - assumed 'sg_id' E:\PHPTutorial\WWW\tpshop\Application\Runtime\Cache\Admin\53c57102d60404bf8d2d1662334fc391.php 第 217 行.
NOTIC: [8] Use of undefined constant sg_id - assumed 'sg_id' E:\PHPTutorial\WWW\tpshop\Application\Runtime\Cache\Admin\53c57102d60404bf8d2d1662334fc391.php 第 217 行.
NOTIC: [8] Use of undefined constant sg_id - assumed 'sg_id' E:\PHPTutorial\WWW\tpshop\Application\Runtime\Cache\Admin\53c57102d60404bf8d2d1662334fc391.php 第 217 行.
NOTIC: [8] Use of undefined constant store_type - assumed 'store_type' E:\PHPTutorial\WWW\tpshop\Application\Runtime\Cache\Admin\53c57102d60404bf8d2d1662334fc391.php 第 223 行.
NOTIC: [8] Use of undefined constant store_type - assumed 'store_type' E:\PHPTutorial\WWW\tpshop\Application\Runtime\Cache\Admin\53c57102d60404bf8d2d1662334fc391.php 第 224 行.
NOTIC: [8] Use of undefined constant store_type - assumed 'store_type' E:\PHPTutorial\WWW\tpshop\Application\Runtime\Cache\Admin\53c57102d60404bf8d2d1662334fc391.php 第 225 行.
NOTIC: [8] Undefined variable: bind_class_list E:\PHPTutorial\WWW\tpshop\Application\Runtime\Cache\Admin\53c57102d60404bf8d2d1662334fc391.php 第 243 行.
INFO: Run Behavior\ParseTemplateBehavior [ RunTime:0.032002s ]
INFO: [ view_parse ] --END-- [ RunTime:0.032002s ]
INFO: [ view_filter ] --START--
INFO: Run Behavior\WriteHtmlCacheBehavior [ RunTime:0.001000s ]
INFO: Run Behavior\TokenBuildBehavior [ RunTime:0.003001s ]
INFO: [ view_filter ] --END-- [ RunTime:0.004001s ]
INFO: [ app_end ] --START--
INFO: Run Behavior\ShowPageTraceBehavior [ RunTime:0.001000s ]
INFO: [ app_end ] --END-- [ RunTime:0.001000s ]

