[ 2019-03-20T09:02:43+08:00 ] 127.0.0.1 /index.php?s=/Admin/Admin/login
INFO: [ app_init ] --START--
INFO: Run Behavior\BuildLiteBehavior [ RunTime:0.000000s ]
INFO: [ app_init ] --END-- [ RunTime:0.001000s ]
INFO: [ app_begin ] --START--
INFO: Run Behavior\ReadHtmlCacheBehavior [ RunTime:0.001000s ]
INFO: [ app_begin ] --END-- [ RunTime:0.002000s ]
NOTIC: [8] Undefined index: pa E:\PHPTutorial\WWW\tpshop\ThinkPHP\Library\Think\Controller.class.php 第 100 行.
NOTIC: [8] Undefined index: login E:\PHPTutorial\WWW\tpshop\Application\Admin\Common\function.php 第 31 行.
INFO: [ view_begin ] --START--
INFO: Run Home\Behaviors\testBehavior [ RunTime:0.002000s ]
INFO: [ view_begin ] --END-- [ RunTime:0.002000s ]
INFO: [ view_parse ] --START--
INFO: [ template_filter ] --START--
INFO: Run Behavior\ContentReplaceBehavior [ RunTime:0.000000s ]
INFO: [ template_filter ] --END-- [ RunTime:0.000000s ]
INFO: Run Behavior\ParseTemplateBehavior [ RunTime:0.026001s ]
INFO: [ view_parse ] --END-- [ RunTime:0.026001s ]
INFO: [ view_filter ] --START--
INFO: Run Behavior\WriteHtmlCacheBehavior [ RunTime:0.001000s ]
INFO: Run Behavior\TokenBuildBehavior [ RunTime:0.002000s ]
INFO: [ view_filter ] --END-- [ RunTime:0.003000s ]
INFO: [ app_end ] --START--
INFO: Run Behavior\ShowPageTraceBehavior [ RunTime:0.002001s ]
INFO: [ app_end ] --END-- [ RunTime:0.002001s ]

[ 2019-03-20T09:02:43+08:00 ] 127.0.0.1 /index.php?s=/Admin/Admin/vertify
INFO: [ app_init ] --START--
INFO: Run Behavior\BuildLiteBehavior [ RunTime:0.000000s ]
INFO: [ app_init ] --END-- [ RunTime:0.001000s ]
INFO: [ app_begin ] --START--
INFO: Run Behavior\ReadHtmlCacheBehavior [ RunTime:0.001000s ]
INFO: [ app_begin ] --END-- [ RunTime:0.001000s ]
NOTIC: [8] Undefined index: pa E:\PHPTutorial\WWW\tpshop\ThinkPHP\Library\Think\Controller.class.php 第 100 行.
NOTIC: [8] Undefined index: vertify E:\PHPTutorial\WWW\tpshop\Application\Admin\Common\function.php 第 31 行.
INFO: [ app_end ] --START--
INFO: Run Behavior\ShowPageTraceBehavior [ RunTime:0.003000s ]
INFO: [ app_end ] --END-- [ RunTime:0.003000s ]

[ 2019-03-20T09:02:55+08:00 ] 127.0.0.1 /index.php?m=Admin&c=Admin&a=login&t=0.3103131880572074
INFO: [ app_init ] --START--
INFO: Run Behavior\BuildLiteBehavior [ RunTime:0.000000s ]
INFO: [ app_init ] --END-- [ RunTime:0.001000s ]
INFO: [ app_begin ] --START--
INFO: Run Behavior\ReadHtmlCacheBehavior [ RunTime:0.000000s ]
INFO: [ app_begin ] --END-- [ RunTime:0.000000s ]
NOTIC: [8] Undefined index: pa E:\PHPTutorial\WWW\tpshop\ThinkPHP\Library\Think\Controller.class.php 第 100 行.
NOTIC: [8] Undefined index: login E:\PHPTutorial\WWW\tpshop\Application\Admin\Common\function.php 第 31 行.

[ 2019-03-20T09:02:55+08:00 ] 127.0.0.1 /index.php?s=/Admin/Index/index
INFO: [ app_init ] --START--
INFO: Run Behavior\BuildLiteBehavior [ RunTime:0.000000s ]
INFO: [ app_init ] --END-- [ RunTime:0.000000s ]
INFO: [ app_begin ] --START--
INFO: Run Behavior\ReadHtmlCacheBehavior [ RunTime:0.001000s ]
INFO: [ app_begin ] --END-- [ RunTime:0.001000s ]
NOTIC: [8] Undefined index: pa E:\PHPTutorial\WWW\tpshop\ThinkPHP\Library\Think\Controller.class.php 第 100 行.
INFO: [ view_begin ] --START--
INFO: Run Home\Behaviors\testBehavior [ RunTime:0.002000s ]
INFO: [ view_begin ] --END-- [ RunTime:0.002000s ]
INFO: [ view_parse ] --START--
INFO: [ template_filter ] --START--
INFO: Run Behavior\ContentReplaceBehavior [ RunTime:0.000000s ]
INFO: [ template_filter ] --END-- [ RunTime:0.000000s ]
INFO: Run Behavior\ParseTemplateBehavior [ RunTime:0.051003s ]
INFO: [ view_parse ] --END-- [ RunTime:0.051003s ]
INFO: [ view_filter ] --START--
INFO: Run Behavior\WriteHtmlCacheBehavior [ RunTime:0.001000s ]
INFO: Run Behavior\TokenBuildBehavior [ RunTime:0.004001s ]
INFO: [ view_filter ] --END-- [ RunTime:0.005001s ]
INFO: [ app_end ] --START--
INFO: Run Behavior\ShowPageTraceBehavior [ RunTime:0.001000s ]
INFO: [ app_end ] --END-- [ RunTime:0.001000s ]

[ 2019-03-20T09:02:57+08:00 ] 127.0.0.1 /index.php?s=/Admin/Index/welcome
INFO: [ app_init ] --START--
INFO: Run Behavior\BuildLiteBehavior [ RunTime:0.000000s ]
INFO: [ app_init ] --END-- [ RunTime:0.000000s ]
INFO: [ app_begin ] --START--
INFO: Run Behavior\ReadHtmlCacheBehavior [ RunTime:0.001000s ]
INFO: [ app_begin ] --END-- [ RunTime:0.001000s ]
NOTIC: [8] Undefined index: pa E:\PHPTutorial\WWW\tpshop\ThinkPHP\Library\Think\Controller.class.php 第 100 行.
NOTIC: [8] Undefined index: welcome E:\PHPTutorial\WWW\tpshop\Application\Admin\Common\function.php 第 31 行.
NOTIC: [8] Undefined index: version E:\PHPTutorial\WWW\tpshop\Application\Admin\Controller\IndexController.class.php 第 56 行.
INFO: [ view_begin ] --START--
INFO: Run Home\Behaviors\testBehavior [ RunTime:0.002000s ]
INFO: [ view_begin ] --END-- [ RunTime:0.002000s ]
INFO: [ view_parse ] --START--
INFO: [ template_filter ] --START--
INFO: Run Behavior\ContentReplaceBehavior [ RunTime:0.000000s ]
INFO: [ template_filter ] --END-- [ RunTime:0.000000s ]
INFO: Run Behavior\ParseTemplateBehavior [ RunTime:1.649094s ]
INFO: [ view_parse ] --END-- [ RunTime:1.649094s ]
INFO: [ view_filter ] --START--
INFO: Run Behavior\WriteHtmlCacheBehavior [ RunTime:0.000000s ]
INFO: Run Behavior\TokenBuildBehavior [ RunTime:0.002000s ]
INFO: [ view_filter ] --END-- [ RunTime:0.002000s ]
INFO: [ app_end ] --START--
INFO: Run Behavior\ShowPageTraceBehavior [ RunTime:0.001000s ]
INFO: [ app_end ] --END-- [ RunTime:0.001000s ]

[ 2019-03-20T09:02:57+08:00 ] 127.0.0.1 /index.php?s=/Admin/System/login_task
INFO: [ app_init ] --START--
INFO: Run Behavior\BuildLiteBehavior [ RunTime:0.000000s ]
INFO: [ app_init ] --END-- [ RunTime:0.000000s ]
INFO: [ app_begin ] --START--
INFO: Run Behavior\ReadHtmlCacheBehavior [ RunTime:0.001001s ]
INFO: [ app_begin ] --END-- [ RunTime:0.001001s ]
NOTIC: [8] Undefined index: pa E:\PHPTutorial\WWW\tpshop\ThinkPHP\Library\Think\Controller.class.php 第 100 行.
NOTIC: [8] Undefined index: login_task E:\PHPTutorial\WWW\tpshop\Application\Admin\Common\function.php 第 31 行.
NOTIC: [2] Invalid argument supplied for foreach() E:\PHPTutorial\WWW\tpshop\Application\Admin\Controller\SystemController.class.php 第 287 行.
INFO: [ app_end ] --START--
INFO: Run Behavior\ShowPageTraceBehavior [ RunTime:0.001000s ]
INFO: [ app_end ] --END-- [ RunTime:0.001000s ]

[ 2019-03-20T09:02:59+08:00 ] 127.0.0.1 /index.php?s=/Admin/Detail/zwzq_list
INFO: [ app_init ] --START--
INFO: Run Behavior\BuildLiteBehavior [ RunTime:0.000000s ]
INFO: [ app_init ] --END-- [ RunTime:0.001000s ]
INFO: [ app_begin ] --START--
INFO: Run Behavior\ReadHtmlCacheBehavior [ RunTime:0.000000s ]
INFO: [ app_begin ] --END-- [ RunTime:0.000000s ]
NOTIC: [8] Undefined index: pa E:\PHPTutorial\WWW\tpshop\ThinkPHP\Library\Think\Controller.class.php 第 100 行.
NOTIC: [8] Undefined index: admin/detail E:\PHPTutorial\WWW\tpshop\Application\Admin\Common\function.php 第 30 行.
NOTIC: [8] Undefined index: admin/detail E:\PHPTutorial\WWW\tpshop\Application\Admin\Common\function.php 第 31 行.
INFO: [ view_begin ] --START--
INFO: Run Home\Behaviors\testBehavior [ RunTime:0.000000s ]
INFO: [ view_begin ] --END-- [ RunTime:0.001000s ]
INFO: [ view_parse ] --START--
INFO: [ template_filter ] --START--
INFO: Run Behavior\ContentReplaceBehavior [ RunTime:0.000000s ]
INFO: [ template_filter ] --END-- [ RunTime:0.000000s ]
INFO: Run Behavior\ParseTemplateBehavior [ RunTime:0.019001s ]
INFO: [ view_parse ] --END-- [ RunTime:0.019001s ]
INFO: [ view_filter ] --START--
INFO: Run Behavior\WriteHtmlCacheBehavior [ RunTime:0.000000s ]
INFO: Run Behavior\TokenBuildBehavior [ RunTime:0.003000s ]
INFO: [ view_filter ] --END-- [ RunTime:0.003000s ]
INFO: [ app_end ] --START--
INFO: Run Behavior\ShowPageTraceBehavior [ RunTime:0.001000s ]
INFO: [ app_end ] --END-- [ RunTime:0.002000s ]

[ 2019-03-20T09:03:02+08:00 ] 127.0.0.1 /index.php?s=/Admin/Detail/bonus_ruleList
INFO: [ app_init ] --START--
INFO: Run Behavior\BuildLiteBehavior [ RunTime:0.000000s ]
INFO: [ app_init ] --END-- [ RunTime:0.000000s ]
INFO: [ app_begin ] --START--
INFO: Run Behavior\ReadHtmlCacheBehavior [ RunTime:0.001000s ]
INFO: [ app_begin ] --END-- [ RunTime:0.001000s ]
NOTIC: [8] Undefined index: pa E:\PHPTutorial\WWW\tpshop\ThinkPHP\Library\Think\Controller.class.php 第 100 行.
NOTIC: [8] Undefined index: admin/detail E:\PHPTutorial\WWW\tpshop\Application\Admin\Common\function.php 第 30 行.
NOTIC: [8] Undefined index: admin/detail E:\PHPTutorial\WWW\tpshop\Application\Admin\Common\function.php 第 31 行.
INFO: [ view_begin ] --START--
INFO: Run Home\Behaviors\testBehavior [ RunTime:0.001000s ]
INFO: [ view_begin ] --END-- [ RunTime:0.001000s ]
INFO: [ view_parse ] --START--
INFO: [ template_filter ] --START--
INFO: Run Behavior\ContentReplaceBehavior [ RunTime:0.000000s ]
INFO: [ template_filter ] --END-- [ RunTime:0.000000s ]
NOTIC: [8] Use of undefined constant is_show - assumed 'is_show' E:\PHPTutorial\WWW\tpshop\Application\Runtime\Cache\Admin\e8993df5986e81da2b98774afeebaffd.php 第 128 行.
NOTIC: [8] Use of undefined constant is_new - assumed 'is_new' E:\PHPTutorial\WWW\tpshop\Application\Runtime\Cache\Admin\e8993df5986e81da2b98774afeebaffd.php 第 131 行.
NOTIC: [8] Use of undefined constant is_show - assumed 'is_show' E:\PHPTutorial\WWW\tpshop\Application\Runtime\Cache\Admin\e8993df5986e81da2b98774afeebaffd.php 第 128 行.
NOTIC: [8] Use of undefined constant is_new - assumed 'is_new' E:\PHPTutorial\WWW\tpshop\Application\Runtime\Cache\Admin\e8993df5986e81da2b98774afeebaffd.php 第 131 行.
NOTIC: [8] Use of undefined constant is_show - assumed 'is_show' E:\PHPTutorial\WWW\tpshop\Application\Runtime\Cache\Admin\e8993df5986e81da2b98774afeebaffd.php 第 128 行.
NOTIC: [8] Use of undefined constant is_new - assumed 'is_new' E:\PHPTutorial\WWW\tpshop\Application\Runtime\Cache\Admin\e8993df5986e81da2b98774afeebaffd.php 第 131 行.
NOTIC: [8] Use of undefined constant is_show - assumed 'is_show' E:\PHPTutorial\WWW\tpshop\Application\Runtime\Cache\Admin\e8993df5986e81da2b98774afeebaffd.php 第 128 行.
NOTIC: [8] Use of undefined constant is_new - assumed 'is_new' E:\PHPTutorial\WWW\tpshop\Application\Runtime\Cache\Admin\e8993df5986e81da2b98774afeebaffd.php 第 131 行.
NOTIC: [8] Use of undefined constant is_show - assumed 'is_show' E:\PHPTutorial\WWW\tpshop\Application\Runtime\Cache\Admin\e8993df5986e81da2b98774afeebaffd.php 第 128 行.
NOTIC: [8] Use of undefined constant is_new - assumed 'is_new' E:\PHPTutorial\WWW\tpshop\Application\Runtime\Cache\Admin\e8993df5986e81da2b98774afeebaffd.php 第 131 行.
NOTIC: [8] Undefined variable: show E:\PHPTutorial\WWW\tpshop\Application\Runtime\Cache\Admin\e8993df5986e81da2b98774afeebaffd.php 第 150 行.
INFO: Run Behavior\ParseTemplateBehavior [ RunTime:0.032002s ]
INFO: [ view_parse ] --END-- [ RunTime:0.033002s ]
INFO: [ view_filter ] --START--
INFO: Run Behavior\WriteHtmlCacheBehavior [ RunTime:0.001000s ]
INFO: Run Behavior\TokenBuildBehavior [ RunTime:0.002000s ]
INFO: [ view_filter ] --END-- [ RunTime:0.003000s ]
INFO: [ app_end ] --START--
INFO: Run Behavior\ShowPageTraceBehavior [ RunTime:0.001000s ]
INFO: [ app_end ] --END-- [ RunTime:0.001000s ]

[ 2019-03-20T09:03:03+08:00 ] 127.0.0.1 /index.php?s=/Admin/Detail/jifeng
INFO: [ app_init ] --START--
INFO: Run Behavior\BuildLiteBehavior [ RunTime:0.000000s ]
INFO: [ app_init ] --END-- [ RunTime:0.001000s ]
INFO: [ app_begin ] --START--
INFO: Run Behavior\ReadHtmlCacheBehavior [ RunTime:0.000000s ]
INFO: [ app_begin ] --END-- [ RunTime:0.002000s ]
NOTIC: [8] Undefined index: pa E:\PHPTutorial\WWW\tpshop\ThinkPHP\Library\Think\Controller.class.php 第 100 行.
NOTIC: [8] Undefined index: admin/detail E:\PHPTutorial\WWW\tpshop\Application\Admin\Common\function.php 第 30 行.
NOTIC: [8] Undefined index: admin/detail E:\PHPTutorial\WWW\tpshop\Application\Admin\Common\function.php 第 31 行.
INFO: [ view_begin ] --START--
INFO: Run Home\Behaviors\testBehavior [ RunTime:0.001000s ]
INFO: [ view_begin ] --END-- [ RunTime:0.001000s ]
INFO: [ view_parse ] --START--
INFO: [ template_filter ] --START--
INFO: Run Behavior\ContentReplaceBehavior [ RunTime:0.000000s ]
INFO: [ template_filter ] --END-- [ RunTime:0.000000s ]
INFO: Run Behavior\ParseTemplateBehavior [ RunTime:0.028001s ]
INFO: [ view_parse ] --END-- [ RunTime:0.028001s ]
INFO: [ view_filter ] --START--
INFO: Run Behavior\WriteHtmlCacheBehavior [ RunTime:0.000000s ]
INFO: Run Behavior\TokenBuildBehavior [ RunTime:0.002001s ]
INFO: [ view_filter ] --END-- [ RunTime:0.003001s ]
INFO: [ app_end ] --START--
INFO: Run Behavior\ShowPageTraceBehavior [ RunTime:0.001000s ]
INFO: [ app_end ] --END-- [ RunTime:0.001000s ]

[ 2019-03-20T09:03:23+08:00 ] 127.0.0.1 /index.php?s=/Admin/Detail/jifeng
INFO: [ app_init ] --START--
INFO: Run Behavior\BuildLiteBehavior [ RunTime:0.000000s ]
INFO: [ app_init ] --END-- [ RunTime:0.001000s ]
INFO: [ app_begin ] --START--
INFO: Run Behavior\ReadHtmlCacheBehavior [ RunTime:0.001000s ]
INFO: [ app_begin ] --END-- [ RunTime:0.001000s ]
NOTIC: [8] Undefined index: pa E:\PHPTutorial\WWW\tpshop\ThinkPHP\Library\Think\Controller.class.php 第 100 行.
NOTIC: [8] Undefined index: admin/detail E:\PHPTutorial\WWW\tpshop\Application\Admin\Common\function.php 第 30 行.
NOTIC: [8] Undefined index: admin/detail E:\PHPTutorial\WWW\tpshop\Application\Admin\Common\function.php 第 31 行.
INFO: [ view_begin ] --START--
INFO: Run Home\Behaviors\testBehavior [ RunTime:0.001000s ]
INFO: [ view_begin ] --END-- [ RunTime:0.001000s ]
INFO: [ view_parse ] --START--
INFO: [ template_filter ] --START--
INFO: Run Behavior\ContentReplaceBehavior [ RunTime:0.000000s ]
INFO: [ template_filter ] --END-- [ RunTime:0.000000s ]
INFO: Run Behavior\ParseTemplateBehavior [ RunTime:0.013000s ]
INFO: [ view_parse ] --END-- [ RunTime:0.013000s ]
INFO: [ view_filter ] --START--
INFO: Run Behavior\WriteHtmlCacheBehavior [ RunTime:0.000000s ]
INFO: Run Behavior\TokenBuildBehavior [ RunTime:0.003000s ]
INFO: [ view_filter ] --END-- [ RunTime:0.003000s ]
INFO: [ app_end ] --START--
INFO: Run Behavior\ShowPageTraceBehavior [ RunTime:0.000000s ]
INFO: [ app_end ] --END-- [ RunTime:0.000000s ]

[ 2019-03-20T09:16:59+08:00 ] 127.0.0.1 /index.php?s=/Admin/Finance/store_withdrawals
INFO: [ app_init ] --START--
INFO: Run Behavior\BuildLiteBehavior [ RunTime:0.000000s ]
INFO: [ app_init ] --END-- [ RunTime:0.001000s ]
INFO: [ app_begin ] --START--
INFO: Run Behavior\ReadHtmlCacheBehavior [ RunTime:0.001000s ]
INFO: [ app_begin ] --END-- [ RunTime:0.001000s ]
NOTIC: [8] Undefined index: pa E:\PHPTutorial\WWW\tpshop\ThinkPHP\Library\Think\Controller.class.php 第 100 行.
INFO: [ view_begin ] --START--
INFO: Run Home\Behaviors\testBehavior [ RunTime:0.001000s ]
INFO: [ view_begin ] --END-- [ RunTime:0.001000s ]
INFO: [ view_parse ] --START--
INFO: [ template_filter ] --START--
INFO: Run Behavior\ContentReplaceBehavior [ RunTime:0.000000s ]
INFO: [ template_filter ] --END-- [ RunTime:0.000000s ]
NOTIC: [8] Undefined index: status E:\PHPTutorial\WWW\tpshop\Application\Runtime\Cache\Admin\b784e13214db8aec421a1ffb83d8fa13.php 第 101 行.
NOTIC: [8] Undefined index: status E:\PHPTutorial\WWW\tpshop\Application\Runtime\Cache\Admin\b784e13214db8aec421a1ffb83d8fa13.php 第 102 行.
NOTIC: [8] Undefined index: status E:\PHPTutorial\WWW\tpshop\Application\Runtime\Cache\Admin\b784e13214db8aec421a1ffb83d8fa13.php 第 103 行.
NOTIC: [8] Undefined index: store_id E:\PHPTutorial\WWW\tpshop\Application\Runtime\Cache\Admin\b784e13214db8aec421a1ffb83d8fa13.php 第 108 行.
NOTIC: [8] Undefined index: account_bank E:\PHPTutorial\WWW\tpshop\Application\Runtime\Cache\Admin\b784e13214db8aec421a1ffb83d8fa13.php 第 113 行.
NOTIC: [8] Undefined index: account_name E:\PHPTutorial\WWW\tpshop\Application\Runtime\Cache\Admin\b784e13214db8aec421a1ffb83d8fa13.php 第 118 行.
INFO: Run Behavior\ParseTemplateBehavior [ RunTime:0.029002s ]
INFO: [ view_parse ] --END-- [ RunTime:0.029002s ]
INFO: [ view_filter ] --START--
INFO: Run Behavior\WriteHtmlCacheBehavior [ RunTime:0.001000s ]
INFO: Run Behavior\TokenBuildBehavior [ RunTime:0.001000s ]
INFO: [ view_filter ] --END-- [ RunTime:0.002000s ]
INFO: [ app_end ] --START--
INFO: Run Behavior\ShowPageTraceBehavior [ RunTime:0.000000s ]
INFO: [ app_end ] --END-- [ RunTime:0.000000s ]

[ 2019-03-20T09:17:01+08:00 ] 127.0.0.1 /index.php?s=/Admin/Finance/store_remittance
INFO: [ app_init ] --START--
INFO: Run Behavior\BuildLiteBehavior [ RunTime:0.000000s ]
INFO: [ app_init ] --END-- [ RunTime:0.000000s ]
INFO: [ app_begin ] --START--
INFO: Run Behavior\ReadHtmlCacheBehavior [ RunTime:0.001000s ]
INFO: [ app_begin ] --END-- [ RunTime:0.001000s ]
NOTIC: [8] Undefined index: pa E:\PHPTutorial\WWW\tpshop\ThinkPHP\Library\Think\Controller.class.php 第 100 行.
INFO: [ view_begin ] --START--
INFO: Run Home\Behaviors\testBehavior [ RunTime:0.001000s ]
INFO: [ view_begin ] --END-- [ RunTime:0.001000s ]
INFO: [ view_parse ] --START--
INFO: [ template_filter ] --START--
INFO: Run Behavior\ContentReplaceBehavior [ RunTime:0.000000s ]
INFO: [ template_filter ] --END-- [ RunTime:0.000000s ]
NOTIC: [8] Undefined index: store_id E:\PHPTutorial\WWW\tpshop\Application\Runtime\Cache\Admin\56069c0c8ade57bf528cce202d3ad8a9.php 第 99 行.
NOTIC: [8] Undefined index: account_bank E:\PHPTutorial\WWW\tpshop\Application\Runtime\Cache\Admin\56069c0c8ade57bf528cce202d3ad8a9.php 第 104 行.
NOTIC: [8] Undefined index: account_name E:\PHPTutorial\WWW\tpshop\Application\Runtime\Cache\Admin\56069c0c8ade57bf528cce202d3ad8a9.php 第 108 行.
INFO: Run Behavior\ParseTemplateBehavior [ RunTime:0.028002s ]
INFO: [ view_parse ] --END-- [ RunTime:0.028002s ]
INFO: [ view_filter ] --START--
INFO: Run Behavior\WriteHtmlCacheBehavior [ RunTime:0.001000s ]
INFO: Run Behavior\TokenBuildBehavior [ RunTime:0.001000s ]
INFO: [ view_filter ] --END-- [ RunTime:0.002000s ]
INFO: [ app_end ] --START--
INFO: Run Behavior\ShowPageTraceBehavior [ RunTime:0.000000s ]
INFO: [ app_end ] --END-- [ RunTime:0.000000s ]

[ 2019-03-20T09:17:02+08:00 ] 127.0.0.1 /index.php?s=/Admin/Finance/withdrawals
INFO: [ app_init ] --START--
INFO: Run Behavior\BuildLiteBehavior [ RunTime:0.000000s ]
INFO: [ app_init ] --END-- [ RunTime:0.001000s ]
INFO: [ app_begin ] --START--
INFO: Run Behavior\ReadHtmlCacheBehavior [ RunTime:0.001000s ]
INFO: [ app_begin ] --END-- [ RunTime:0.001000s ]
NOTIC: [8] Undefined index: pa E:\PHPTutorial\WWW\tpshop\ThinkPHP\Library\Think\Controller.class.php 第 100 行.
INFO: [ view_begin ] --START--
INFO: Run Home\Behaviors\testBehavior [ RunTime:0.002000s ]
INFO: [ view_begin ] --END-- [ RunTime:0.002000s ]
INFO: [ view_parse ] --START--
INFO: [ template_filter ] --START--
INFO: Run Behavior\ContentReplaceBehavior [ RunTime:0.000000s ]
INFO: [ template_filter ] --END-- [ RunTime:0.000000s ]
NOTIC: [8] Undefined index: status E:\PHPTutorial\WWW\tpshop\Application\Runtime\Cache\Admin\88655bb24893eb1be07155b496b720d7.php 第 101 行.
NOTIC: [8] Undefined index: status E:\PHPTutorial\WWW\tpshop\Application\Runtime\Cache\Admin\88655bb24893eb1be07155b496b720d7.php 第 102 行.
NOTIC: [8] Undefined index: status E:\PHPTutorial\WWW\tpshop\Application\Runtime\Cache\Admin\88655bb24893eb1be07155b496b720d7.php 第 103 行.
NOTIC: [8] Undefined index: account_bank E:\PHPTutorial\WWW\tpshop\Application\Runtime\Cache\Admin\88655bb24893eb1be07155b496b720d7.php 第 113 行.
NOTIC: [8] Undefined index: account_name E:\PHPTutorial\WWW\tpshop\Application\Runtime\Cache\Admin\88655bb24893eb1be07155b496b720d7.php 第 118 行.
INFO: Run Behavior\ParseTemplateBehavior [ RunTime:0.036002s ]
INFO: [ view_parse ] --END-- [ RunTime:0.036002s ]
INFO: [ view_filter ] --START--
INFO: Run Behavior\WriteHtmlCacheBehavior [ RunTime:0.001000s ]
INFO: Run Behavior\TokenBuildBehavior [ RunTime:0.000000s ]
INFO: [ view_filter ] --END-- [ RunTime:0.001000s ]
INFO: [ app_end ] --START--
INFO: Run Behavior\ShowPageTraceBehavior [ RunTime:0.001000s ]
INFO: [ app_end ] --END-- [ RunTime:0.001000s ]

[ 2019-03-20T09:17:03+08:00 ] 127.0.0.1 /index.php?s=/Admin/Finance/remittance
INFO: [ app_init ] --START--
INFO: Run Behavior\BuildLiteBehavior [ RunTime:0.000000s ]
INFO: [ app_init ] --END-- [ RunTime:0.001000s ]
INFO: [ app_begin ] --START--
INFO: Run Behavior\ReadHtmlCacheBehavior [ RunTime:0.001000s ]
INFO: [ app_begin ] --END-- [ RunTime:0.001000s ]
NOTIC: [8] Undefined index: pa E:\PHPTutorial\WWW\tpshop\ThinkPHP\Library\Think\Controller.class.php 第 100 行.
INFO: [ view_begin ] --START--
INFO: Run Home\Behaviors\testBehavior [ RunTime:0.001000s ]
INFO: [ view_begin ] --END-- [ RunTime:0.001000s ]
INFO: [ view_parse ] --START--
INFO: [ template_filter ] --START--
INFO: Run Behavior\ContentReplaceBehavior [ RunTime:0.000000s ]
INFO: [ template_filter ] --END-- [ RunTime:0.000000s ]
NOTIC: [8] Undefined index: account_bank E:\PHPTutorial\WWW\tpshop\Application\Runtime\Cache\Admin\2360a216dccdaaa8dd4f0dceaa182368.php 第 104 行.
NOTIC: [8] Undefined index: account_name E:\PHPTutorial\WWW\tpshop\Application\Runtime\Cache\Admin\2360a216dccdaaa8dd4f0dceaa182368.php 第 108 行.
INFO: Run Behavior\ParseTemplateBehavior [ RunTime:0.032002s ]
INFO: [ view_parse ] --END-- [ RunTime:0.032002s ]
INFO: [ view_filter ] --START--
INFO: Run Behavior\WriteHtmlCacheBehavior [ RunTime:0.001000s ]
INFO: Run Behavior\TokenBuildBehavior [ RunTime:0.000000s ]
INFO: [ view_filter ] --END-- [ RunTime:0.001000s ]
INFO: [ app_end ] --START--
INFO: Run Behavior\ShowPageTraceBehavior [ RunTime:0.001000s ]
INFO: [ app_end ] --END-- [ RunTime:0.001000s ]

[ 2019-03-20T09:17:04+08:00 ] 127.0.0.1 /index.php?s=/Admin/Finance/order_statis
INFO: [ app_init ] --START--
INFO: Run Behavior\BuildLiteBehavior [ RunTime:0.000000s ]
INFO: [ app_init ] --END-- [ RunTime:0.000000s ]
INFO: [ app_begin ] --START--
INFO: Run Behavior\ReadHtmlCacheBehavior [ RunTime:0.001000s ]
INFO: [ app_begin ] --END-- [ RunTime:0.001000s ]
NOTIC: [8] Undefined index: pa E:\PHPTutorial\WWW\tpshop\ThinkPHP\Library\Think\Controller.class.php 第 100 行.
NOTIC: [8] Undefined index: order_statis E:\PHPTutorial\WWW\tpshop\Application\Admin\Common\function.php 第 31 行.
INFO: [ view_begin ] --START--
INFO: Run Home\Behaviors\testBehavior [ RunTime:0.001000s ]
INFO: [ view_begin ] --END-- [ RunTime:0.001000s ]
INFO: [ view_parse ] --START--
INFO: [ template_filter ] --START--
INFO: Run Behavior\ContentReplaceBehavior [ RunTime:0.000000s ]
INFO: [ template_filter ] --END-- [ RunTime:0.001000s ]
NOTIC: [8] Use of undefined constant store_id - assumed 'store_id' E:\PHPTutorial\WWW\tpshop\Application\Runtime\Cache\Admin\773e59dcbb528293249aa064eb0e03b0.php 第 136 行.
NOTIC: [8] Use of undefined constant start_date - assumed 'start_date' E:\PHPTutorial\WWW\tpshop\Application\Runtime\Cache\Admin\773e59dcbb528293249aa064eb0e03b0.php 第 149 行.
NOTIC: [8] Use of undefined constant end_date - assumed 'end_date' E:\PHPTutorial\WWW\tpshop\Application\Runtime\Cache\Admin\773e59dcbb528293249aa064eb0e03b0.php 第 149 行.
NOTIC: [8] Use of undefined constant store_id - assumed 'store_id' E:\PHPTutorial\WWW\tpshop\Application\Runtime\Cache\Admin\773e59dcbb528293249aa064eb0e03b0.php 第 136 行.
NOTIC: [8] Use of undefined constant start_date - assumed 'start_date' E:\PHPTutorial\WWW\tpshop\Application\Runtime\Cache\Admin\773e59dcbb528293249aa064eb0e03b0.php 第 149 行.
NOTIC: [8] Use of undefined constant end_date - assumed 'end_date' E:\PHPTutorial\WWW\tpshop\Application\Runtime\Cache\Admin\773e59dcbb528293249aa064eb0e03b0.php 第 149 行.
INFO: Run Behavior\ParseTemplateBehavior [ RunTime:0.028002s ]
INFO: [ view_parse ] --END-- [ RunTime:0.028002s ]
INFO: [ view_filter ] --START--
INFO: Run Behavior\WriteHtmlCacheBehavior [ RunTime:0.001000s ]
INFO: Run Behavior\TokenBuildBehavior [ RunTime:0.000000s ]
INFO: [ view_filter ] --END-- [ RunTime:0.001000s ]
INFO: [ app_end ] --START--
INFO: Run Behavior\ShowPageTraceBehavior [ RunTime:0.001000s ]
INFO: [ app_end ] --END-- [ RunTime:0.001000s ]

[ 2019-03-20T09:17:13+08:00 ] 127.0.0.1 /index.php?s=/Admin/Finance/order_statis_detail/store_id/22/date_s/1551974400/date_e/1552060799
INFO: [ app_init ] --START--
INFO: Run Behavior\BuildLiteBehavior [ RunTime:0.000000s ]
INFO: [ app_init ] --END-- [ RunTime:0.000000s ]
INFO: [ app_begin ] --START--
INFO: Run Behavior\ReadHtmlCacheBehavior [ RunTime:0.001001s ]
INFO: [ app_begin ] --END-- [ RunTime:0.001001s ]
NOTIC: [8] Undefined index: pa E:\PHPTutorial\WWW\tpshop\ThinkPHP\Library\Think\Controller.class.php 第 100 行.
NOTIC: [8] Undefined index: order_statis_detail E:\PHPTutorial\WWW\tpshop\Application\Admin\Common\function.php 第 31 行.
INFO: [ view_begin ] --START--
INFO: Run Home\Behaviors\testBehavior [ RunTime:0.001000s ]
INFO: [ view_begin ] --END-- [ RunTime:0.001000s ]
INFO: [ view_parse ] --START--
INFO: [ template_filter ] --START--
INFO: Run Behavior\ContentReplaceBehavior [ RunTime:0.000000s ]
INFO: [ template_filter ] --END-- [ RunTime:0.000000s ]
INFO: Run Behavior\ParseTemplateBehavior [ RunTime:0.063004s ]
INFO: [ view_parse ] --END-- [ RunTime:0.063004s ]
INFO: [ view_filter ] --START--
INFO: Run Behavior\WriteHtmlCacheBehavior [ RunTime:0.001000s ]
INFO: Run Behavior\TokenBuildBehavior [ RunTime:0.000000s ]
INFO: [ view_filter ] --END-- [ RunTime:0.001000s ]
INFO: [ app_end ] --START--
INFO: Run Behavior\ShowPageTraceBehavior [ RunTime:0.001000s ]
INFO: [ app_end ] --END-- [ RunTime:0.001000s ]

[ 2019-03-20T09:17:31+08:00 ] 127.0.0.1 /index.php?s=/Admin/Order/index
INFO: [ app_init ] --START--
INFO: Run Behavior\BuildLiteBehavior [ RunTime:0.000000s ]
INFO: [ app_init ] --END-- [ RunTime:0.001000s ]
INFO: [ app_begin ] --START--
INFO: Run Behavior\ReadHtmlCacheBehavior [ RunTime:0.001000s ]
INFO: [ app_begin ] --END-- [ RunTime:0.001000s ]
NOTIC: [8] Undefined index: pa E:\PHPTutorial\WWW\tpshop\ThinkPHP\Library\Think\Controller.class.php 第 100 行.
INFO: [ view_begin ] --START--
INFO: Run Home\Behaviors\testBehavior [ RunTime:0.001000s ]
INFO: [ view_begin ] --END-- [ RunTime:0.001000s ]
INFO: [ view_parse ] --START--
INFO: [ template_filter ] --START--
INFO: Run Behavior\ContentReplaceBehavior [ RunTime:0.000000s ]
INFO: [ template_filter ] --END-- [ RunTime:0.000000s ]
NOTIC: [8] Use of undefined constant user_id - assumed 'user_id' E:\PHPTutorial\WWW\tpshop\Application\Runtime\Cache\Admin\18bc66a7b6334412ab8e61a2539ecfbd.php 第 151 行.
NOTIC: [8] Undefined index: user_id E:\PHPTutorial\WWW\tpshop\Application\Runtime\Cache\Admin\18bc66a7b6334412ab8e61a2539ecfbd.php 第 151 行.
INFO: Run Behavior\ParseTemplateBehavior [ RunTime:0.025001s ]
INFO: [ view_parse ] --END-- [ RunTime:0.025001s ]
INFO: [ view_filter ] --START--
INFO: Run Behavior\WriteHtmlCacheBehavior [ RunTime:0.001000s ]
INFO: Run Behavior\TokenBuildBehavior [ RunTime:0.001000s ]
INFO: [ view_filter ] --END-- [ RunTime:0.002000s ]
INFO: [ app_end ] --START--
INFO: Run Behavior\ShowPageTraceBehavior [ RunTime:0.000000s ]
INFO: [ app_end ] --END-- [ RunTime:0.000000s ]

[ 2019-03-20T09:17:31+08:00 ] 127.0.0.1 /index.php/Admin/order/ajaxindex/p/1
INFO: [ app_init ] --START--
INFO: Run Behavior\BuildLiteBehavior [ RunTime:0.000000s ]
INFO: [ app_init ] --END-- [ RunTime:0.000000s ]
INFO: [ app_begin ] --START--
INFO: Run Behavior\ReadHtmlCacheBehavior [ RunTime:0.001000s ]
INFO: [ app_begin ] --END-- [ RunTime:0.001000s ]
NOTIC: [8] Undefined index: pa E:\PHPTutorial\WWW\tpshop\ThinkPHP\Library\Think\Controller.class.php 第 100 行.
NOTIC: [8] Undefined index: ajaxindex E:\PHPTutorial\WWW\tpshop\Application\Admin\Common\function.php 第 31 行.
INFO: [ view_begin ] --START--
INFO: Run Home\Behaviors\testBehavior [ RunTime:0.002000s ]
INFO: [ view_begin ] --END-- [ RunTime:0.002000s ]
INFO: [ view_parse ] --START--
INFO: [ template_filter ] --START--
INFO: Run Behavior\ContentReplaceBehavior [ RunTime:0.000000s ]
INFO: [ template_filter ] --END-- [ RunTime:0.000000s ]
NOTIC: [8] Use of undefined constant order_status - assumed 'order_status' E:\PHPTutorial\WWW\tpshop\Application\Runtime\Cache\Admin\8eed6bb92403d43d1e94abecb9ebb26a.php 第 44 行.
NOTIC: [8] Use of undefined constant pay_status - assumed 'pay_status' E:\PHPTutorial\WWW\tpshop\Application\Runtime\Cache\Admin\8eed6bb92403d43d1e94abecb9ebb26a.php 第 45 行.
NOTIC: [8] Use of undefined constant shipping_status - assumed 'shipping_status' E:\PHPTutorial\WWW\tpshop\Application\Runtime\Cache\Admin\8eed6bb92403d43d1e94abecb9ebb26a.php 第 46 行.
NOTIC: [8] Use of undefined constant store_id - assumed 'store_id' E:\PHPTutorial\WWW\tpshop\Application\Runtime\Cache\Admin\8eed6bb92403d43d1e94abecb9ebb26a.php 第 50 行.
NOTIC: [8] Use of undefined constant order_status - assumed 'order_status' E:\PHPTutorial\WWW\tpshop\Application\Runtime\Cache\Admin\8eed6bb92403d43d1e94abecb9ebb26a.php 第 44 行.
NOTIC: [8] Use of undefined constant pay_status - assumed 'pay_status' E:\PHPTutorial\WWW\tpshop\Application\Runtime\Cache\Admin\8eed6bb92403d43d1e94abecb9ebb26a.php 第 45 行.
NOTIC: [8] Use of undefined constant shipping_status - assumed 'shipping_status' E:\PHPTutorial\WWW\tpshop\Application\Runtime\Cache\Admin\8eed6bb92403d43d1e94abecb9ebb26a.php 第 46 行.
NOTIC: [8] Use of undefined constant store_id - assumed 'store_id' E:\PHPTutorial\WWW\tpshop\Application\Runtime\Cache\Admin\8eed6bb92403d43d1e94abecb9ebb26a.php 第 50 行.
NOTIC: [8] Use of undefined constant order_status - assumed 'order_status' E:\PHPTutorial\WWW\tpshop\Application\Runtime\Cache\Admin\8eed6bb92403d43d1e94abecb9ebb26a.php 第 44 行.
NOTIC: [8] Use of undefined constant pay_status - assumed 'pay_status' E:\PHPTutorial\WWW\tpshop\Application\Runtime\Cache\Admin\8eed6bb92403d43d1e94abecb9ebb26a.php 第 45 行.
NOTIC: [8] Use of undefined constant shipping_status - assumed 'shipping_status' E:\PHPTutorial\WWW\tpshop\Application\Runtime\Cache\Admin\8eed6bb92403d43d1e94abecb9ebb26a.php 第 46 行.
NOTIC: [8] Use of undefined constant store_id - assumed 'store_id' E:\PHPTutorial\WWW\tpshop\Application\Runtime\Cache\Admin\8eed6bb92403d43d1e94abecb9ebb26a.php 第 50 行.
NOTIC: [8] Use of undefined constant order_status - assumed 'order_status' E:\PHPTutorial\WWW\tpshop\Application\Runtime\Cache\Admin\8eed6bb92403d43d1e94abecb9ebb26a.php 第 44 行.
NOTIC: [8] Use of undefined constant pay_status - assumed 'pay_status' E:\PHPTutorial\WWW\tpshop\Application\Runtime\Cache\Admin\8eed6bb92403d43d1e94abecb9ebb26a.php 第 45 行.
NOTIC: [8] Use of undefined constant shipping_status - assumed 'shipping_status' E:\PHPTutorial\WWW\tpshop\Application\Runtime\Cache\Admin\8eed6bb92403d43d1e94abecb9ebb26a.php 第 46 行.
NOTIC: [8] Use of undefined constant store_id - assumed 'store_id' E:\PHPTutorial\WWW\tpshop\Application\Runtime\Cache\Admin\8eed6bb92403d43d1e94abecb9ebb26a.php 第 50 行.
NOTIC: [8] Use of undefined constant order_status - assumed 'order_status' E:\PHPTutorial\WWW\tpshop\Application\Runtime\Cache\Admin\8eed6bb92403d43d1e94abecb9ebb26a.php 第 44 行.
NOTIC: [8] Use of undefined constant pay_status - assumed 'pay_status' E:\PHPTutorial\WWW\tpshop\Application\Runtime\Cache\Admin\8eed6bb92403d43d1e94abecb9ebb26a.php 第 45 行.
NOTIC: [8] Use of undefined constant shipping_status - assumed 'shipping_status' E:\PHPTutorial\WWW\tpshop\Application\Runtime\Cache\Admin\8eed6bb92403d43d1e94abecb9ebb26a.php 第 46 行.
NOTIC: [8] Use of undefined constant store_id - assumed 'store_id' E:\PHPTutorial\WWW\tpshop\Application\Runtime\Cache\Admin\8eed6bb92403d43d1e94abecb9ebb26a.php 第 50 行.
NOTIC: [8] Use of undefined constant order_status - assumed 'order_status' E:\PHPTutorial\WWW\tpshop\Application\Runtime\Cache\Admin\8eed6bb92403d43d1e94abecb9ebb26a.php 第 44 行.
NOTIC: [8] Use of undefined constant pay_status - assumed 'pay_status' E:\PHPTutorial\WWW\tpshop\Application\Runtime\Cache\Admin\8eed6bb92403d43d1e94abecb9ebb26a.php 第 45 行.
NOTIC: [8] Use of undefined constant shipping_status - assumed 'shipping_status' E:\PHPTutorial\WWW\tpshop\Application\Runtime\Cache\Admin\8eed6bb92403d43d1e94abecb9ebb26a.php 第 46 行.
NOTIC: [8] Use of undefined constant store_id - assumed 'store_id' E:\PHPTutorial\WWW\tpshop\Application\Runtime\Cache\Admin\8eed6bb92403d43d1e94abecb9ebb26a.php 第 50 行.
NOTIC: [8] Use of undefined constant order_status - assumed 'order_status' E:\PHPTutorial\WWW\tpshop\Application\Runtime\Cache\Admin\8eed6bb92403d43d1e94abecb9ebb26a.php 第 44 行.
NOTIC: [8] Use of undefined constant pay_status - assumed 'pay_status' E:\PHPTutorial\WWW\tpshop\Application\Runtime\Cache\Admin\8eed6bb92403d43d1e94abecb9ebb26a.php 第 45 行.
NOTIC: [8] Use of undefined constant shipping_status - assumed 'shipping_status' E:\PHPTutorial\WWW\tpshop\Application\Runtime\Cache\Admin\8eed6bb92403d43d1e94abecb9ebb26a.php 第 46 行.
NOTIC: [8] Use of undefined constant store_id - assumed 'store_id' E:\PHPTutorial\WWW\tpshop\Application\Runtime\Cache\Admin\8eed6bb92403d43d1e94abecb9ebb26a.php 第 50 行.
NOTIC: [8] Use of undefined constant order_status - assumed 'order_status' E:\PHPTutorial\WWW\tpshop\Application\Runtime\Cache\Admin\8eed6bb92403d43d1e94abecb9ebb26a.php 第 44 行.
NOTIC: [8] Use of undefined constant pay_status - assumed 'pay_status' E:\PHPTutorial\WWW\tpshop\Application\Runtime\Cache\Admin\8eed6bb92403d43d1e94abecb9ebb26a.php 第 45 行.
NOTIC: [8] Use of undefined constant shipping_status - assumed 'shipping_status' E:\PHPTutorial\WWW\tpshop\Application\Runtime\Cache\Admin\8eed6bb92403d43d1e94abecb9ebb26a.php 第 46 行.
NOTIC: [8] Use of undefined constant store_id - assumed 'store_id' E:\PHPTutorial\WWW\tpshop\Application\Runtime\Cache\Admin\8eed6bb92403d43d1e94abecb9ebb26a.php 第 50 行.
NOTIC: [8] Use of undefined constant order_status - assumed 'order_status' E:\PHPTutorial\WWW\tpshop\Application\Runtime\Cache\Admin\8eed6bb92403d43d1e94abecb9ebb26a.php 第 44 行.
NOTIC: [8] Use of undefined constant pay_status - assumed 'pay_status' E:\PHPTutorial\WWW\tpshop\Application\Runtime\Cache\Admin\8eed6bb92403d43d1e94abecb9ebb26a.php 第 45 行.
NOTIC: [8] Use of undefined constant shipping_status - assumed 'shipping_status' E:\PHPTutorial\WWW\tpshop\Application\Runtime\Cache\Admin\8eed6bb92403d43d1e94abecb9ebb26a.php 第 46 行.
NOTIC: [8] Use of undefined constant store_id - assumed 'store_id' E:\PHPTutorial\WWW\tpshop\Application\Runtime\Cache\Admin\8eed6bb92403d43d1e94abecb9ebb26a.php 第 50 行.
NOTIC: [8] Use of undefined constant order_status - assumed 'order_status' E:\PHPTutorial\WWW\tpshop\Application\Runtime\Cache\Admin\8eed6bb92403d43d1e94abecb9ebb26a.php 第 44 行.
NOTIC: [8] Use of undefined constant pay_status - assumed 'pay_status' E:\PHPTutorial\WWW\tpshop\Application\Runtime\Cache\Admin\8eed6bb92403d43d1e94abecb9ebb26a.php 第 45 行.
NOTIC: [8] Use of undefined constant shipping_status - assumed 'shipping_status' E:\PHPTutorial\WWW\tpshop\Application\Runtime\Cache\Admin\8eed6bb92403d43d1e94abecb9ebb26a.php 第 46 行.
NOTIC: [8] Use of undefined constant store_id - assumed 'store_id' E:\PHPTutorial\WWW\tpshop\Application\Runtime\Cache\Admin\8eed6bb92403d43d1e94abecb9ebb26a.php 第 50 行.
NOTIC: [8] Use of undefined constant order_status - assumed 'order_status' E:\PHPTutorial\WWW\tpshop\Application\Runtime\Cache\Admin\8eed6bb92403d43d1e94abecb9ebb26a.php 第 44 行.
NOTIC: [8] Use of undefined constant pay_status - assumed 'pay_status' E:\PHPTutorial\WWW\tpshop\Application\Runtime\Cache\Admin\8eed6bb92403d43d1e94abecb9ebb26a.php 第 45 行.
NOTIC: [8] Use of undefined constant shipping_status - assumed 'shipping_status' E:\PHPTutorial\WWW\tpshop\Application\Runtime\Cache\Admin\8eed6bb92403d43d1e94abecb9ebb26a.php 第 46 行.
NOTIC: [8] Use of undefined constant store_id - assumed 'store_id' E:\PHPTutorial\WWW\tpshop\Application\Runtime\Cache\Admin\8eed6bb92403d43d1e94abecb9ebb26a.php 第 50 行.
INFO: Run Behavior\ParseTemplateBehavior [ RunTime:0.026001s ]
INFO: [ view_parse ] --END-- [ RunTime:0.026001s ]
INFO: [ view_filter ] --START--
INFO: Run Behavior\WriteHtmlCacheBehavior [ RunTime:0.001000s ]
INFO: Run Behavior\TokenBuildBehavior [ RunTime:0.001000s ]
INFO: [ view_filter ] --END-- [ RunTime:0.002000s ]
INFO: [ app_end ] --START--
INFO: Run Behavior\ShowPageTraceBehavior [ RunTime:0.001001s ]
INFO: [ app_end ] --END-- [ RunTime:0.001001s ]

[ 2019-03-20T09:20:26+08:00 ] 127.0.0.1 /index.php?s=/Admin/order/detail/order_id/486
INFO: [ app_init ] --START--
INFO: Run Behavior\BuildLiteBehavior [ RunTime:0.000000s ]
INFO: [ app_init ] --END-- [ RunTime:0.001000s ]
INFO: [ app_begin ] --START--
INFO: Run Behavior\ReadHtmlCacheBehavior [ RunTime:0.001000s ]
INFO: [ app_begin ] --END-- [ RunTime:0.001000s ]
NOTIC: [8] Undefined index: pa E:\PHPTutorial\WWW\tpshop\ThinkPHP\Library\Think\Controller.class.php 第 100 行.
INFO: [ view_begin ] --START--
INFO: Run Home\Behaviors\testBehavior [ RunTime:0.001000s ]
INFO: [ view_begin ] --END-- [ RunTime:0.001000s ]
INFO: [ view_parse ] --START--
INFO: [ template_filter ] --START--
INFO: Run Behavior\ContentReplaceBehavior [ RunTime:0.000000s ]
INFO: [ template_filter ] --END-- [ RunTime:0.000000s ]
NOTIC: [8] Use of undefined constant order_status - assumed 'order_status' E:\PHPTutorial\WWW\tpshop\Application\Runtime\Cache\Admin\badcf48b869e2273f2c1c9046770822d.php 第 130 行.
NOTIC: [8] Use of undefined constant pay_status - assumed 'pay_status' E:\PHPTutorial\WWW\tpshop\Application\Runtime\Cache\Admin\badcf48b869e2273f2c1c9046770822d.php 第 130 行.
NOTIC: [8] Use of undefined constant shipping_status - assumed 'shipping_status' E:\PHPTutorial\WWW\tpshop\Application\Runtime\Cache\Admin\badcf48b869e2273f2c1c9046770822d.php 第 130 行.
NOTIC: [8] Use of undefined constant shipping_name - assumed 'shipping_name' E:\PHPTutorial\WWW\tpshop\Application\Runtime\Cache\Admin\badcf48b869e2273f2c1c9046770822d.php 第 172 行.
NOTIC: [8] Undefined index: goods_attr E:\PHPTutorial\WWW\tpshop\Application\Runtime\Cache\Admin\badcf48b869e2273f2c1c9046770822d.php 第 201 行.
NOTIC: [8] Use of undefined constant order_status - assumed 'order_status' E:\PHPTutorial\WWW\tpshop\Application\Runtime\Cache\Admin\badcf48b869e2273f2c1c9046770822d.php 第 324 行.
NOTIC: [8] Use of undefined constant pay_status - assumed 'pay_status' E:\PHPTutorial\WWW\tpshop\Application\Runtime\Cache\Admin\badcf48b869e2273f2c1c9046770822d.php 第 325 行.
NOTIC: [8] Use of undefined constant shipping_status - assumed 'shipping_status' E:\PHPTutorial\WWW\tpshop\Application\Runtime\Cache\Admin\badcf48b869e2273f2c1c9046770822d.php 第 326 行.
INFO: Run Behavior\ParseTemplateBehavior [ RunTime:0.050003s ]
INFO: [ view_parse ] --END-- [ RunTime:0.050003s ]
INFO: [ view_filter ] --START--
INFO: Run Behavior\WriteHtmlCacheBehavior [ RunTime:0.001000s ]
INFO: Run Behavior\TokenBuildBehavior [ RunTime:0.000000s ]
INFO: [ view_filter ] --END-- [ RunTime:0.001000s ]
INFO: [ app_end ] --START--
INFO: Run Behavior\ShowPageTraceBehavior [ RunTime:0.001000s ]
INFO: [ app_end ] --END-- [ RunTime:0.001000s ]

